<?xml version="1.0" encoding="UTF-8"?>
<!-- Generated by org.testng.reporters.JUnitXMLReporter -->
<testsuite hostname="DESKTOP-5BHJEAE" ignored="0" name="firefoxTesting" tests="5" failures="0" timestamp="19 Jul 2017 13:58:59 GMT" time="155.982" errors="0">
  <testcase name="singleDropDown" time="14.554" classname="com.softq.sample.SingleDropdown"/>
  <testcase name="DragAnddrop" time="17.139" classname="com.softq.sample.MouseOperations"/>
  <testcase name="MoveToelement" time="7.253" classname="com.softq.sample.MouseOperations"/>
  <testcase name="Browserslider" time="34.041" classname="com.softq.sample.MouseOperations"/>
  <testcase name="slider" time="14.263" classname="com.softq.sample.MouseOperations"/>
</testsuite> <!-- firefoxTesting -->
