<?xml version="1.0" encoding="UTF-8"?>
<testng-results skipped="2" failed="9" ignored="0" total="12" passed="1">
  <reporter-output>
    <line>
      <![CDATA[Test started Running:loginToApplication]]>
    </line>
    <line>
      <![CDATA[Test is success:loginToApplication]]>
    </line>
    <line>
      <![CDATA[<a href='C:\Users\ravilella\git\ravilella12\UIAutomation\src\main\java\com\test\automation\uiAutomation\success_screenshots\loginToApplication_30_08_2017_07_00_32.png'> <img src='C:\Users\ravilella\git\ravilella12\UIAutomation\src\main\java\com\test\automation\uiAutomation\success_screenshots\loginToApplication_30_08_2017_07_00_32.png' height='100' width='100'/> </a>]]>
    </line>
    <line>
      <![CDATA[Test started Running:loginToApplication]]>
    </line>
    <line>
      <![CDATA[Retrying test loginToApplication with status FAILURE for the 1 time(s).]]>
    </line>
    <line>
      <![CDATA[Test is skipped:loginToApplication]]>
    </line>
    <line>
      <![CDATA[Test started Running:loginToApplication]]>
    </line>
    <line>
      <![CDATA[Retrying test loginToApplication with status FAILURE for the 2 time(s).]]>
    </line>
    <line>
      <![CDATA[Test is skipped:loginToApplication]]>
    </line>
    <line>
      <![CDATA[Test started Running:loginToApplication]]>
    </line>
    <line>
      <![CDATA[<a href='C:\Users\ravilella\git\ravilella12\UIAutomation\src\main\java\com\test\automation\uiAutomation\failure_screenshots\loginToApplication_30_08_2017_07_00_33.png'> <img src='C:\Users\ravilella\git\ravilella12\UIAutomation\src\main\java\com\test\automation\uiAutomation\failure_screenshots\loginToApplication_30_08_2017_07_00_33.png' height='100' width='100'/> </a>]]>
    </line>
    <line>
      <![CDATA[<a href='C:\Users\ravilella\git\ravilella12\UIAutomation\src\main\java\com\test\automation\UIAutomation\screenshot\blank_30_08_2017_07_00_34.png'> <img src='C:\Users\ravilella\git\ravilella12\UIAutomation\src\main\java\com\test\automation\UIAutomation\screenshot\blank_30_08_2017_07_00_34.png' height='100' width='100'/> </a>]]>
    </line>
    <line>
      <![CDATA[Test started Running:loginToApplication]]>
    </line>
    <line>
      <![CDATA[<a href='C:\Users\ravilella\git\ravilella12\UIAutomation\src\main\java\com\test\automation\uiAutomation\failure_screenshots\loginToApplication_30_08_2017_07_00_34.png'> <img src='C:\Users\ravilella\git\ravilella12\UIAutomation\src\main\java\com\test\automation\uiAutomation\failure_screenshots\loginToApplication_30_08_2017_07_00_34.png' height='100' width='100'/> </a>]]>
    </line>
    <line>
      <![CDATA[<a href='C:\Users\ravilella\git\ravilella12\UIAutomation\src\main\java\com\test\automation\UIAutomation\screenshot\blank_30_08_2017_07_00_35.png'> <img src='C:\Users\ravilella\git\ravilella12\UIAutomation\src\main\java\com\test\automation\UIAutomation\screenshot\blank_30_08_2017_07_00_35.png' height='100' width='100'/> </a>]]>
    </line>
    <line>
      <![CDATA[Test started Running:loginToApplication]]>
    </line>
    <line>
      <![CDATA[<a href='C:\Users\ravilella\git\ravilella12\UIAutomation\src\main\java\com\test\automation\uiAutomation\failure_screenshots\loginToApplication_30_08_2017_07_00_35.png'> <img src='C:\Users\ravilella\git\ravilella12\UIAutomation\src\main\java\com\test\automation\uiAutomation\failure_screenshots\loginToApplication_30_08_2017_07_00_35.png' height='100' width='100'/> </a>]]>
    </line>
    <line>
      <![CDATA[<a href='C:\Users\ravilella\git\ravilella12\UIAutomation\src\main\java\com\test\automation\UIAutomation\screenshot\blank_30_08_2017_07_00_36.png'> <img src='C:\Users\ravilella\git\ravilella12\UIAutomation\src\main\java\com\test\automation\UIAutomation\screenshot\blank_30_08_2017_07_00_36.png' height='100' width='100'/> </a>]]>
    </line>
    <line>
      <![CDATA[Test started Running:loginToApplication]]>
    </line>
    <line>
      <![CDATA[<a href='C:\Users\ravilella\git\ravilella12\UIAutomation\src\main\java\com\test\automation\uiAutomation\failure_screenshots\loginToApplication_30_08_2017_07_00_36.png'> <img src='C:\Users\ravilella\git\ravilella12\UIAutomation\src\main\java\com\test\automation\uiAutomation\failure_screenshots\loginToApplication_30_08_2017_07_00_36.png' height='100' width='100'/> </a>]]>
    </line>
    <line>
      <![CDATA[<a href='C:\Users\ravilella\git\ravilella12\UIAutomation\src\main\java\com\test\automation\UIAutomation\screenshot\blank_30_08_2017_07_00_36.png'> <img src='C:\Users\ravilella\git\ravilella12\UIAutomation\src\main\java\com\test\automation\UIAutomation\screenshot\blank_30_08_2017_07_00_36.png' height='100' width='100'/> </a>]]>
    </line>
    <line>
      <![CDATA[Test started Running:loginToApplication]]>
    </line>
    <line>
      <![CDATA[<a href='C:\Users\ravilella\git\ravilella12\UIAutomation\src\main\java\com\test\automation\uiAutomation\failure_screenshots\loginToApplication_30_08_2017_07_00_37.png'> <img src='C:\Users\ravilella\git\ravilella12\UIAutomation\src\main\java\com\test\automation\uiAutomation\failure_screenshots\loginToApplication_30_08_2017_07_00_37.png' height='100' width='100'/> </a>]]>
    </line>
    <line>
      <![CDATA[<a href='C:\Users\ravilella\git\ravilella12\UIAutomation\src\main\java\com\test\automation\UIAutomation\screenshot\blank_30_08_2017_07_00_37.png'> <img src='C:\Users\ravilella\git\ravilella12\UIAutomation\src\main\java\com\test\automation\UIAutomation\screenshot\blank_30_08_2017_07_00_37.png' height='100' width='100'/> </a>]]>
    </line>
    <line>
      <![CDATA[Test started Running:loginToApplication]]>
    </line>
    <line>
      <![CDATA[<a href='C:\Users\ravilella\git\ravilella12\UIAutomation\src\main\java\com\test\automation\uiAutomation\failure_screenshots\loginToApplication_30_08_2017_07_00_38.png'> <img src='C:\Users\ravilella\git\ravilella12\UIAutomation\src\main\java\com\test\automation\uiAutomation\failure_screenshots\loginToApplication_30_08_2017_07_00_38.png' height='100' width='100'/> </a>]]>
    </line>
    <line>
      <![CDATA[<a href='C:\Users\ravilella\git\ravilella12\UIAutomation\src\main\java\com\test\automation\UIAutomation\screenshot\blank_30_08_2017_07_00_38.png'> <img src='C:\Users\ravilella\git\ravilella12\UIAutomation\src\main\java\com\test\automation\UIAutomation\screenshot\blank_30_08_2017_07_00_38.png' height='100' width='100'/> </a>]]>
    </line>
    <line>
      <![CDATA[Test started Running:loginToApplication]]>
    </line>
    <line>
      <![CDATA[<a href='C:\Users\ravilella\git\ravilella12\UIAutomation\src\main\java\com\test\automation\uiAutomation\failure_screenshots\loginToApplication_30_08_2017_07_00_38.png'> <img src='C:\Users\ravilella\git\ravilella12\UIAutomation\src\main\java\com\test\automation\uiAutomation\failure_screenshots\loginToApplication_30_08_2017_07_00_38.png' height='100' width='100'/> </a>]]>
    </line>
    <line>
      <![CDATA[<a href='C:\Users\ravilella\git\ravilella12\UIAutomation\src\main\java\com\test\automation\UIAutomation\screenshot\blank_30_08_2017_07_00_39.png'> <img src='C:\Users\ravilella\git\ravilella12\UIAutomation\src\main\java\com\test\automation\UIAutomation\screenshot\blank_30_08_2017_07_00_39.png' height='100' width='100'/> </a>]]>
    </line>
    <line>
      <![CDATA[Test started Running:loginToApplication]]>
    </line>
    <line>
      <![CDATA[<a href='C:\Users\ravilella\git\ravilella12\UIAutomation\src\main\java\com\test\automation\uiAutomation\failure_screenshots\loginToApplication_30_08_2017_07_00_39.png'> <img src='C:\Users\ravilella\git\ravilella12\UIAutomation\src\main\java\com\test\automation\uiAutomation\failure_screenshots\loginToApplication_30_08_2017_07_00_39.png' height='100' width='100'/> </a>]]>
    </line>
    <line>
      <![CDATA[<a href='C:\Users\ravilella\git\ravilella12\UIAutomation\src\main\java\com\test\automation\UIAutomation\screenshot\blank_30_08_2017_07_00_39.png'> <img src='C:\Users\ravilella\git\ravilella12\UIAutomation\src\main\java\com\test\automation\UIAutomation\screenshot\blank_30_08_2017_07_00_39.png' height='100' width='100'/> </a>]]>
    </line>
    <line>
      <![CDATA[Test started Running:loginToApplication]]>
    </line>
    <line>
      <![CDATA[<a href='C:\Users\ravilella\git\ravilella12\UIAutomation\src\main\java\com\test\automation\uiAutomation\failure_screenshots\loginToApplication_30_08_2017_07_00_40.png'> <img src='C:\Users\ravilella\git\ravilella12\UIAutomation\src\main\java\com\test\automation\uiAutomation\failure_screenshots\loginToApplication_30_08_2017_07_00_40.png' height='100' width='100'/> </a>]]>
    </line>
    <line>
      <![CDATA[<a href='C:\Users\ravilella\git\ravilella12\UIAutomation\src\main\java\com\test\automation\UIAutomation\screenshot\blank_30_08_2017_07_00_40.png'> <img src='C:\Users\ravilella\git\ravilella12\UIAutomation\src\main\java\com\test\automation\UIAutomation\screenshot\blank_30_08_2017_07_00_40.png' height='100' width='100'/> </a>]]>
    </line>
  </reporter-output>
  <suite name="Regression suite" duration-ms="49501" started-at="2017-08-30T01:29:54Z" finished-at="2017-08-30T01:30:43Z">
    <groups>
    </groups>
    <test name="TC003_VerifyLoginWithDifferentRecords" duration-ms="49501" started-at="2017-08-30T01:29:54Z" finished-at="2017-08-30T01:30:43Z">
      <class name="com.test.automation.UIAutomation.homepage.TC003_VerifyLoginWithDifferentRecords">
        <test-method status="PASS" signature="setUp()[pri:0, instance:com.test.automation.UIAutomation.homepage.TC003_VerifyLoginWithDifferentRecords@46daef40]" name="setUp" is-config="true" duration-ms="23973" started-at="2017-08-30T06:59:54Z" finished-at="2017-08-30T07:00:18Z">
          <reporter-output>
          </reporter-output>
        </test-method> <!-- setUp -->
        <test-method status="PASS" signature="beforeMethod(java.lang.reflect.Method)[pri:0, instance:com.test.automation.UIAutomation.homepage.TC003_VerifyLoginWithDifferentRecords@46daef40]" name="beforeMethod" is-config="true" duration-ms="12" started-at="2017-08-30T07:00:21Z" finished-at="2017-08-30T07:00:21Z">
          <params>
            <param index="0">
              <value>
                <![CDATA[public void com.test.automation.UIAutomation.homepage.TC003_VerifyLoginWithDifferentRecords.loginToApplication(java.lang.String,java.lang.String,java.lang.String)]]>
              </value>
            </param>
          </params>
          <reporter-output>
          </reporter-output>
        </test-method> <!-- beforeMethod -->
        <test-method status="PASS" signature="loginToApplication(java.lang.String, java.lang.String, java.lang.String)[pri:0, instance:com.test.automation.UIAutomation.homepage.TC003_VerifyLoginWithDifferentRecords@46daef40]" name="loginToApplication" duration-ms="11491" started-at="2017-08-30T07:00:21Z" data-provider="loginData" finished-at="2017-08-30T07:00:32Z">
          <params>
            <param index="0">
              <value>
                <![CDATA[automation@gmail.com]]>
              </value>
            </param>
            <param index="1">
              <value>
                <![CDATA[password]]>
              </value>
            </param>
            <param index="2">
              <value>
                <![CDATA[y]]>
              </value>
            </param>
          </params>
          <reporter-output>
            <line>
              <![CDATA[Test started Running:loginToApplication]]>
            </line>
            <line>
              <![CDATA[Test is success:loginToApplication]]>
            </line>
            <line>
              <![CDATA[<a href='C:\Users\ravilella\git\ravilella12\UIAutomation\src\main\java\com\test\automation\uiAutomation\success_screenshots\loginToApplication_30_08_2017_07_00_32.png'> <img src='C:\Users\ravilella\git\ravilella12\UIAutomation\src\main\java\com\test\automation\uiAutomation\success_screenshots\loginToApplication_30_08_2017_07_00_32.png' height='100' width='100'/> </a>]]>
            </line>
          </reporter-output>
        </test-method> <!-- loginToApplication -->
        <test-method status="PASS" signature="afterMethod(org.testng.ITestResult)[pri:0, instance:com.test.automation.UIAutomation.homepage.TC003_VerifyLoginWithDifferentRecords@46daef40]" name="afterMethod" is-config="true" duration-ms="0" started-at="2017-08-30T07:00:33Z" finished-at="2017-08-30T07:00:33Z">
          <params>
            <param index="0">
              <value>
                <![CDATA[[TestResult name=loginToApplication status=SUCCESS method=TC003_VerifyLoginWithDifferentRecords.loginToApplication(java.lang.String, java.lang.String, java.lang.String)[pri:0, instance:com.test.automation.UIAutomation.homepage.TC003_VerifyLoginWithDifferentRecords@46daef40] output=Test started Running:loginToApplication]]]>
              </value>
            </param>
          </params>
          <reporter-output>
          </reporter-output>
        </test-method> <!-- afterMethod -->
        <test-method status="SKIP" signature="loginToApplication(java.lang.String, java.lang.String, java.lang.String)[pri:0, instance:com.test.automation.UIAutomation.homepage.TC003_VerifyLoginWithDifferentRecords@46daef40]" name="loginToApplication" duration-ms="2" started-at="2017-08-30T07:00:33Z" data-provider="loginData" finished-at="2017-08-30T07:00:33Z">
          <params>
            <param index="0">
              <value is-null="true"/>
            </param>
            <param index="1">
              <value is-null="true"/>
            </param>
            <param index="2">
              <value is-null="true"/>
            </param>
          </params>
          <exception class="java.lang.NullPointerException">
            <full-stacktrace>
              <![CDATA[java.lang.NullPointerException
	at com.test.automation.UIAutomation.homepage.TC003_VerifyLoginWithDifferentRecords.loginToApplication(TC003_VerifyLoginWithDifferentRecords.java:41)
	at sun.reflect.NativeMethodAccessorImpl.invoke0(Native Method)
	at sun.reflect.NativeMethodAccessorImpl.invoke(NativeMethodAccessorImpl.java:62)
	at sun.reflect.DelegatingMethodAccessorImpl.invoke(DelegatingMethodAccessorImpl.java:43)
	at java.lang.reflect.Method.invoke(Method.java:498)
	at org.testng.internal.MethodInvocationHelper.invokeMethod(MethodInvocationHelper.java:108)
	at org.testng.internal.Invoker.invokeMethod(Invoker.java:661)
	at org.testng.internal.Invoker.invokeTestMethod(Invoker.java:869)
	at org.testng.internal.Invoker.invokeTestMethods(Invoker.java:1193)
	at org.testng.internal.TestMethodWorker.invokeTestMethods(TestMethodWorker.java:126)
	at org.testng.internal.TestMethodWorker.run(TestMethodWorker.java:109)
	at org.testng.TestRunner.privateRun(TestRunner.java:744)
	at org.testng.TestRunner.run(TestRunner.java:602)
	at org.testng.SuiteRunner.runTest(SuiteRunner.java:380)
	at org.testng.SuiteRunner.runSequentially(SuiteRunner.java:375)
	at org.testng.SuiteRunner.privateRun(SuiteRunner.java:340)
	at org.testng.SuiteRunner.run(SuiteRunner.java:289)
	at org.testng.SuiteRunnerWorker.runSuite(SuiteRunnerWorker.java:52)
	at org.testng.SuiteRunnerWorker.run(SuiteRunnerWorker.java:86)
	at org.testng.TestNG.runSuitesSequentially(TestNG.java:1301)
	at org.testng.TestNG.runSuitesLocally(TestNG.java:1226)
	at org.testng.TestNG.runSuites(TestNG.java:1144)
	at org.testng.TestNG.run(TestNG.java:1115)
	at org.testng.remote.AbstractRemoteTestNG.run(AbstractRemoteTestNG.java:132)
	at org.testng.remote.RemoteTestNG.initAndRun(RemoteTestNG.java:230)
	at org.testng.remote.RemoteTestNG.main(RemoteTestNG.java:76)
]]>
            </full-stacktrace>
          </exception> <!-- java.lang.NullPointerException -->
          <reporter-output>
            <line>
              <![CDATA[Test started Running:loginToApplication]]>
            </line>
            <line>
              <![CDATA[Retrying test loginToApplication with status FAILURE for the 1 time(s).]]>
            </line>
            <line>
              <![CDATA[Test is skipped:loginToApplication]]>
            </line>
          </reporter-output>
        </test-method> <!-- loginToApplication -->
        <test-method status="PASS" signature="beforeMethod(java.lang.reflect.Method)[pri:0, instance:com.test.automation.UIAutomation.homepage.TC003_VerifyLoginWithDifferentRecords@46daef40]" name="beforeMethod" is-config="true" duration-ms="0" started-at="2017-08-30T07:00:33Z" finished-at="2017-08-30T07:00:33Z">
          <params>
            <param index="0">
              <value>
                <![CDATA[public void com.test.automation.UIAutomation.homepage.TC003_VerifyLoginWithDifferentRecords.loginToApplication(java.lang.String,java.lang.String,java.lang.String)]]>
              </value>
            </param>
          </params>
          <reporter-output>
          </reporter-output>
        </test-method> <!-- beforeMethod -->
        <test-method status="PASS" signature="afterMethod(org.testng.ITestResult)[pri:0, instance:com.test.automation.UIAutomation.homepage.TC003_VerifyLoginWithDifferentRecords@46daef40]" name="afterMethod" is-config="true" duration-ms="1" started-at="2017-08-30T07:00:33Z" finished-at="2017-08-30T07:00:33Z">
          <params>
            <param index="0">
              <value>
                <![CDATA[[TestResult name=loginToApplication status=SKIP method=TC003_VerifyLoginWithDifferentRecords.loginToApplication(java.lang.String, java.lang.String, java.lang.String)[pri:0, instance:com.test.automation.UIAutomation.homepage.TC003_VerifyLoginWithDifferentRecords@46daef40] output=Test started Running:loginToApplication]]]>
              </value>
            </param>
          </params>
          <reporter-output>
          </reporter-output>
        </test-method> <!-- afterMethod -->
        <test-method status="SKIP" signature="loginToApplication(java.lang.String, java.lang.String, java.lang.String)[pri:0, instance:com.test.automation.UIAutomation.homepage.TC003_VerifyLoginWithDifferentRecords@46daef40]" name="loginToApplication" duration-ms="6" started-at="2017-08-30T07:00:33Z" data-provider="loginData" finished-at="2017-08-30T07:00:33Z">
          <params>
            <param index="0">
              <value is-null="true"/>
            </param>
            <param index="1">
              <value is-null="true"/>
            </param>
            <param index="2">
              <value is-null="true"/>
            </param>
          </params>
          <exception class="java.lang.NullPointerException">
            <full-stacktrace>
              <![CDATA[java.lang.NullPointerException
	at com.test.automation.UIAutomation.homepage.TC003_VerifyLoginWithDifferentRecords.loginToApplication(TC003_VerifyLoginWithDifferentRecords.java:41)
	at sun.reflect.NativeMethodAccessorImpl.invoke0(Native Method)
	at sun.reflect.NativeMethodAccessorImpl.invoke(NativeMethodAccessorImpl.java:62)
	at sun.reflect.DelegatingMethodAccessorImpl.invoke(DelegatingMethodAccessorImpl.java:43)
	at java.lang.reflect.Method.invoke(Method.java:498)
	at org.testng.internal.MethodInvocationHelper.invokeMethod(MethodInvocationHelper.java:108)
	at org.testng.internal.Invoker.invokeMethod(Invoker.java:661)
	at org.testng.internal.Invoker.retryFailed(Invoker.java:1014)
	at org.testng.internal.Invoker.invokeTestMethods(Invoker.java:1215)
	at org.testng.internal.TestMethodWorker.invokeTestMethods(TestMethodWorker.java:126)
	at org.testng.internal.TestMethodWorker.run(TestMethodWorker.java:109)
	at org.testng.TestRunner.privateRun(TestRunner.java:744)
	at org.testng.TestRunner.run(TestRunner.java:602)
	at org.testng.SuiteRunner.runTest(SuiteRunner.java:380)
	at org.testng.SuiteRunner.runSequentially(SuiteRunner.java:375)
	at org.testng.SuiteRunner.privateRun(SuiteRunner.java:340)
	at org.testng.SuiteRunner.run(SuiteRunner.java:289)
	at org.testng.SuiteRunnerWorker.runSuite(SuiteRunnerWorker.java:52)
	at org.testng.SuiteRunnerWorker.run(SuiteRunnerWorker.java:86)
	at org.testng.TestNG.runSuitesSequentially(TestNG.java:1301)
	at org.testng.TestNG.runSuitesLocally(TestNG.java:1226)
	at org.testng.TestNG.runSuites(TestNG.java:1144)
	at org.testng.TestNG.run(TestNG.java:1115)
	at org.testng.remote.AbstractRemoteTestNG.run(AbstractRemoteTestNG.java:132)
	at org.testng.remote.RemoteTestNG.initAndRun(RemoteTestNG.java:230)
	at org.testng.remote.RemoteTestNG.main(RemoteTestNG.java:76)
]]>
            </full-stacktrace>
          </exception> <!-- java.lang.NullPointerException -->
          <reporter-output>
            <line>
              <![CDATA[Test started Running:loginToApplication]]>
            </line>
            <line>
              <![CDATA[Retrying test loginToApplication with status FAILURE for the 2 time(s).]]>
            </line>
            <line>
              <![CDATA[Test is skipped:loginToApplication]]>
            </line>
          </reporter-output>
        </test-method> <!-- loginToApplication -->
        <test-method status="PASS" signature="beforeMethod(java.lang.reflect.Method)[pri:0, instance:com.test.automation.UIAutomation.homepage.TC003_VerifyLoginWithDifferentRecords@46daef40]" name="beforeMethod" is-config="true" duration-ms="0" started-at="2017-08-30T07:00:33Z" finished-at="2017-08-30T07:00:33Z">
          <params>
            <param index="0">
              <value>
                <![CDATA[public void com.test.automation.UIAutomation.homepage.TC003_VerifyLoginWithDifferentRecords.loginToApplication(java.lang.String,java.lang.String,java.lang.String)]]>
              </value>
            </param>
          </params>
          <reporter-output>
          </reporter-output>
        </test-method> <!-- beforeMethod -->
        <test-method status="PASS" signature="afterMethod(org.testng.ITestResult)[pri:0, instance:com.test.automation.UIAutomation.homepage.TC003_VerifyLoginWithDifferentRecords@46daef40]" name="afterMethod" is-config="true" duration-ms="0" started-at="2017-08-30T07:00:33Z" finished-at="2017-08-30T07:00:33Z">
          <params>
            <param index="0">
              <value>
                <![CDATA[[TestResult name=loginToApplication status=SKIP method=TC003_VerifyLoginWithDifferentRecords.loginToApplication(java.lang.String, java.lang.String, java.lang.String)[pri:0, instance:com.test.automation.UIAutomation.homepage.TC003_VerifyLoginWithDifferentRecords@46daef40] output=Test started Running:loginToApplication]]]>
              </value>
            </param>
          </params>
          <reporter-output>
          </reporter-output>
        </test-method> <!-- afterMethod -->
        <test-method status="PASS" signature="beforeMethod(java.lang.reflect.Method)[pri:0, instance:com.test.automation.UIAutomation.homepage.TC003_VerifyLoginWithDifferentRecords@46daef40]" name="beforeMethod" is-config="true" duration-ms="1" started-at="2017-08-30T07:00:33Z" finished-at="2017-08-30T07:00:33Z">
          <params>
            <param index="0">
              <value>
                <![CDATA[public void com.test.automation.UIAutomation.homepage.TC003_VerifyLoginWithDifferentRecords.loginToApplication(java.lang.String,java.lang.String,java.lang.String)]]>
              </value>
            </param>
          </params>
          <reporter-output>
          </reporter-output>
        </test-method> <!-- beforeMethod -->
        <test-method status="FAIL" signature="loginToApplication(java.lang.String, java.lang.String, java.lang.String)[pri:0, instance:com.test.automation.UIAutomation.homepage.TC003_VerifyLoginWithDifferentRecords@46daef40]" name="loginToApplication" duration-ms="1" started-at="2017-08-30T07:00:33Z" data-provider="loginData" finished-at="2017-08-30T07:00:33Z">
          <params>
            <param index="0">
              <value is-null="true"/>
            </param>
            <param index="1">
              <value is-null="true"/>
            </param>
            <param index="2">
              <value is-null="true"/>
            </param>
          </params>
          <exception class="java.lang.NullPointerException">
            <full-stacktrace>
              <![CDATA[java.lang.NullPointerException
	at com.test.automation.UIAutomation.homepage.TC003_VerifyLoginWithDifferentRecords.loginToApplication(TC003_VerifyLoginWithDifferentRecords.java:41)
	at sun.reflect.NativeMethodAccessorImpl.invoke0(Native Method)
	at sun.reflect.NativeMethodAccessorImpl.invoke(NativeMethodAccessorImpl.java:62)
	at sun.reflect.DelegatingMethodAccessorImpl.invoke(DelegatingMethodAccessorImpl.java:43)
	at java.lang.reflect.Method.invoke(Method.java:498)
	at org.testng.internal.MethodInvocationHelper.invokeMethod(MethodInvocationHelper.java:108)
	at org.testng.internal.Invoker.invokeMethod(Invoker.java:661)
	at org.testng.internal.Invoker.retryFailed(Invoker.java:1014)
	at org.testng.internal.Invoker.invokeTestMethods(Invoker.java:1215)
	at org.testng.internal.TestMethodWorker.invokeTestMethods(TestMethodWorker.java:126)
	at org.testng.internal.TestMethodWorker.run(TestMethodWorker.java:109)
	at org.testng.TestRunner.privateRun(TestRunner.java:744)
	at org.testng.TestRunner.run(TestRunner.java:602)
	at org.testng.SuiteRunner.runTest(SuiteRunner.java:380)
	at org.testng.SuiteRunner.runSequentially(SuiteRunner.java:375)
	at org.testng.SuiteRunner.privateRun(SuiteRunner.java:340)
	at org.testng.SuiteRunner.run(SuiteRunner.java:289)
	at org.testng.SuiteRunnerWorker.runSuite(SuiteRunnerWorker.java:52)
	at org.testng.SuiteRunnerWorker.run(SuiteRunnerWorker.java:86)
	at org.testng.TestNG.runSuitesSequentially(TestNG.java:1301)
	at org.testng.TestNG.runSuitesLocally(TestNG.java:1226)
	at org.testng.TestNG.runSuites(TestNG.java:1144)
	at org.testng.TestNG.run(TestNG.java:1115)
	at org.testng.remote.AbstractRemoteTestNG.run(AbstractRemoteTestNG.java:132)
	at org.testng.remote.RemoteTestNG.initAndRun(RemoteTestNG.java:230)
	at org.testng.remote.RemoteTestNG.main(RemoteTestNG.java:76)
]]>
            </full-stacktrace>
          </exception> <!-- java.lang.NullPointerException -->
          <reporter-output>
            <line>
              <![CDATA[Test started Running:loginToApplication]]>
            </line>
            <line>
              <![CDATA[<a href='C:\Users\ravilella\git\ravilella12\UIAutomation\src\main\java\com\test\automation\uiAutomation\failure_screenshots\loginToApplication_30_08_2017_07_00_33.png'> <img src='C:\Users\ravilella\git\ravilella12\UIAutomation\src\main\java\com\test\automation\uiAutomation\failure_screenshots\loginToApplication_30_08_2017_07_00_33.png' height='100' width='100'/> </a>]]>
            </line>
          </reporter-output>
        </test-method> <!-- loginToApplication -->
        <test-method status="PASS" signature="afterMethod(org.testng.ITestResult)[pri:0, instance:com.test.automation.UIAutomation.homepage.TC003_VerifyLoginWithDifferentRecords@46daef40]" name="afterMethod" is-config="true" duration-ms="410" started-at="2017-08-30T07:00:34Z" finished-at="2017-08-30T07:00:34Z">
          <params>
            <param index="0">
              <value>
                <![CDATA[[TestResult name=loginToApplication status=FAILURE method=TC003_VerifyLoginWithDifferentRecords.loginToApplication(java.lang.String, java.lang.String, java.lang.String)[pri:0, instance:com.test.automation.UIAutomation.homepage.TC003_VerifyLoginWithDifferentRecords@46daef40] output=Test started Running:loginToApplication]]]>
              </value>
            </param>
          </params>
          <reporter-output>
            <line>
              <![CDATA[<a href='C:\Users\ravilella\git\ravilella12\UIAutomation\src\main\java\com\test\automation\UIAutomation\screenshot\blank_30_08_2017_07_00_34.png'> <img src='C:\Users\ravilella\git\ravilella12\UIAutomation\src\main\java\com\test\automation\UIAutomation\screenshot\blank_30_08_2017_07_00_34.png' height='100' width='100'/> </a>]]>
            </line>
          </reporter-output>
        </test-method> <!-- afterMethod -->
        <test-method status="PASS" signature="beforeMethod(java.lang.reflect.Method)[pri:0, instance:com.test.automation.UIAutomation.homepage.TC003_VerifyLoginWithDifferentRecords@46daef40]" name="beforeMethod" is-config="true" duration-ms="1" started-at="2017-08-30T07:00:34Z" finished-at="2017-08-30T07:00:34Z">
          <params>
            <param index="0">
              <value>
                <![CDATA[public void com.test.automation.UIAutomation.homepage.TC003_VerifyLoginWithDifferentRecords.loginToApplication(java.lang.String,java.lang.String,java.lang.String)]]>
              </value>
            </param>
          </params>
          <reporter-output>
          </reporter-output>
        </test-method> <!-- beforeMethod -->
        <test-method status="FAIL" signature="loginToApplication(java.lang.String, java.lang.String, java.lang.String)[pri:0, instance:com.test.automation.UIAutomation.homepage.TC003_VerifyLoginWithDifferentRecords@46daef40]" name="loginToApplication" duration-ms="1" started-at="2017-08-30T07:00:34Z" data-provider="loginData" finished-at="2017-08-30T07:00:34Z">
          <params>
            <param index="0">
              <value is-null="true"/>
            </param>
            <param index="1">
              <value is-null="true"/>
            </param>
            <param index="2">
              <value is-null="true"/>
            </param>
          </params>
          <exception class="java.lang.NullPointerException">
            <full-stacktrace>
              <![CDATA[java.lang.NullPointerException
	at com.test.automation.UIAutomation.homepage.TC003_VerifyLoginWithDifferentRecords.loginToApplication(TC003_VerifyLoginWithDifferentRecords.java:41)
	at sun.reflect.NativeMethodAccessorImpl.invoke0(Native Method)
	at sun.reflect.NativeMethodAccessorImpl.invoke(NativeMethodAccessorImpl.java:62)
	at sun.reflect.DelegatingMethodAccessorImpl.invoke(DelegatingMethodAccessorImpl.java:43)
	at java.lang.reflect.Method.invoke(Method.java:498)
	at org.testng.internal.MethodInvocationHelper.invokeMethod(MethodInvocationHelper.java:108)
	at org.testng.internal.Invoker.invokeMethod(Invoker.java:661)
	at org.testng.internal.Invoker.invokeTestMethod(Invoker.java:869)
	at org.testng.internal.Invoker.invokeTestMethods(Invoker.java:1193)
	at org.testng.internal.TestMethodWorker.invokeTestMethods(TestMethodWorker.java:126)
	at org.testng.internal.TestMethodWorker.run(TestMethodWorker.java:109)
	at org.testng.TestRunner.privateRun(TestRunner.java:744)
	at org.testng.TestRunner.run(TestRunner.java:602)
	at org.testng.SuiteRunner.runTest(SuiteRunner.java:380)
	at org.testng.SuiteRunner.runSequentially(SuiteRunner.java:375)
	at org.testng.SuiteRunner.privateRun(SuiteRunner.java:340)
	at org.testng.SuiteRunner.run(SuiteRunner.java:289)
	at org.testng.SuiteRunnerWorker.runSuite(SuiteRunnerWorker.java:52)
	at org.testng.SuiteRunnerWorker.run(SuiteRunnerWorker.java:86)
	at org.testng.TestNG.runSuitesSequentially(TestNG.java:1301)
	at org.testng.TestNG.runSuitesLocally(TestNG.java:1226)
	at org.testng.TestNG.runSuites(TestNG.java:1144)
	at org.testng.TestNG.run(TestNG.java:1115)
	at org.testng.remote.AbstractRemoteTestNG.run(AbstractRemoteTestNG.java:132)
	at org.testng.remote.RemoteTestNG.initAndRun(RemoteTestNG.java:230)
	at org.testng.remote.RemoteTestNG.main(RemoteTestNG.java:76)
]]>
            </full-stacktrace>
          </exception> <!-- java.lang.NullPointerException -->
          <reporter-output>
            <line>
              <![CDATA[Test started Running:loginToApplication]]>
            </line>
            <line>
              <![CDATA[<a href='C:\Users\ravilella\git\ravilella12\UIAutomation\src\main\java\com\test\automation\uiAutomation\failure_screenshots\loginToApplication_30_08_2017_07_00_34.png'> <img src='C:\Users\ravilella\git\ravilella12\UIAutomation\src\main\java\com\test\automation\uiAutomation\failure_screenshots\loginToApplication_30_08_2017_07_00_34.png' height='100' width='100'/> </a>]]>
            </line>
          </reporter-output>
        </test-method> <!-- loginToApplication -->
        <test-method status="PASS" signature="afterMethod(org.testng.ITestResult)[pri:0, instance:com.test.automation.UIAutomation.homepage.TC003_VerifyLoginWithDifferentRecords@46daef40]" name="afterMethod" is-config="true" duration-ms="404" started-at="2017-08-30T07:00:35Z" finished-at="2017-08-30T07:00:35Z">
          <params>
            <param index="0">
              <value>
                <![CDATA[[TestResult name=loginToApplication status=FAILURE method=TC003_VerifyLoginWithDifferentRecords.loginToApplication(java.lang.String, java.lang.String, java.lang.String)[pri:0, instance:com.test.automation.UIAutomation.homepage.TC003_VerifyLoginWithDifferentRecords@46daef40] output=Test started Running:loginToApplication]]]>
              </value>
            </param>
          </params>
          <reporter-output>
            <line>
              <![CDATA[<a href='C:\Users\ravilella\git\ravilella12\UIAutomation\src\main\java\com\test\automation\UIAutomation\screenshot\blank_30_08_2017_07_00_35.png'> <img src='C:\Users\ravilella\git\ravilella12\UIAutomation\src\main\java\com\test\automation\UIAutomation\screenshot\blank_30_08_2017_07_00_35.png' height='100' width='100'/> </a>]]>
            </line>
          </reporter-output>
        </test-method> <!-- afterMethod -->
        <test-method status="PASS" signature="beforeMethod(java.lang.reflect.Method)[pri:0, instance:com.test.automation.UIAutomation.homepage.TC003_VerifyLoginWithDifferentRecords@46daef40]" name="beforeMethod" is-config="true" duration-ms="1" started-at="2017-08-30T07:00:35Z" finished-at="2017-08-30T07:00:35Z">
          <params>
            <param index="0">
              <value>
                <![CDATA[public void com.test.automation.UIAutomation.homepage.TC003_VerifyLoginWithDifferentRecords.loginToApplication(java.lang.String,java.lang.String,java.lang.String)]]>
              </value>
            </param>
          </params>
          <reporter-output>
          </reporter-output>
        </test-method> <!-- beforeMethod -->
        <test-method status="FAIL" signature="loginToApplication(java.lang.String, java.lang.String, java.lang.String)[pri:0, instance:com.test.automation.UIAutomation.homepage.TC003_VerifyLoginWithDifferentRecords@46daef40]" name="loginToApplication" duration-ms="5" started-at="2017-08-30T07:00:35Z" data-provider="loginData" finished-at="2017-08-30T07:00:35Z">
          <params>
            <param index="0">
              <value is-null="true"/>
            </param>
            <param index="1">
              <value is-null="true"/>
            </param>
            <param index="2">
              <value is-null="true"/>
            </param>
          </params>
          <exception class="java.lang.NullPointerException">
            <full-stacktrace>
              <![CDATA[java.lang.NullPointerException
	at com.test.automation.UIAutomation.homepage.TC003_VerifyLoginWithDifferentRecords.loginToApplication(TC003_VerifyLoginWithDifferentRecords.java:41)
	at sun.reflect.NativeMethodAccessorImpl.invoke0(Native Method)
	at sun.reflect.NativeMethodAccessorImpl.invoke(NativeMethodAccessorImpl.java:62)
	at sun.reflect.DelegatingMethodAccessorImpl.invoke(DelegatingMethodAccessorImpl.java:43)
	at java.lang.reflect.Method.invoke(Method.java:498)
	at org.testng.internal.MethodInvocationHelper.invokeMethod(MethodInvocationHelper.java:108)
	at org.testng.internal.Invoker.invokeMethod(Invoker.java:661)
	at org.testng.internal.Invoker.retryFailed(Invoker.java:1014)
	at org.testng.internal.Invoker.invokeTestMethods(Invoker.java:1215)
	at org.testng.internal.TestMethodWorker.invokeTestMethods(TestMethodWorker.java:126)
	at org.testng.internal.TestMethodWorker.run(TestMethodWorker.java:109)
	at org.testng.TestRunner.privateRun(TestRunner.java:744)
	at org.testng.TestRunner.run(TestRunner.java:602)
	at org.testng.SuiteRunner.runTest(SuiteRunner.java:380)
	at org.testng.SuiteRunner.runSequentially(SuiteRunner.java:375)
	at org.testng.SuiteRunner.privateRun(SuiteRunner.java:340)
	at org.testng.SuiteRunner.run(SuiteRunner.java:289)
	at org.testng.SuiteRunnerWorker.runSuite(SuiteRunnerWorker.java:52)
	at org.testng.SuiteRunnerWorker.run(SuiteRunnerWorker.java:86)
	at org.testng.TestNG.runSuitesSequentially(TestNG.java:1301)
	at org.testng.TestNG.runSuitesLocally(TestNG.java:1226)
	at org.testng.TestNG.runSuites(TestNG.java:1144)
	at org.testng.TestNG.run(TestNG.java:1115)
	at org.testng.remote.AbstractRemoteTestNG.run(AbstractRemoteTestNG.java:132)
	at org.testng.remote.RemoteTestNG.initAndRun(RemoteTestNG.java:230)
	at org.testng.remote.RemoteTestNG.main(RemoteTestNG.java:76)
]]>
            </full-stacktrace>
          </exception> <!-- java.lang.NullPointerException -->
          <reporter-output>
            <line>
              <![CDATA[Test started Running:loginToApplication]]>
            </line>
            <line>
              <![CDATA[<a href='C:\Users\ravilella\git\ravilella12\UIAutomation\src\main\java\com\test\automation\uiAutomation\failure_screenshots\loginToApplication_30_08_2017_07_00_35.png'> <img src='C:\Users\ravilella\git\ravilella12\UIAutomation\src\main\java\com\test\automation\uiAutomation\failure_screenshots\loginToApplication_30_08_2017_07_00_35.png' height='100' width='100'/> </a>]]>
            </line>
          </reporter-output>
        </test-method> <!-- loginToApplication -->
        <test-method status="PASS" signature="afterMethod(org.testng.ITestResult)[pri:0, instance:com.test.automation.UIAutomation.homepage.TC003_VerifyLoginWithDifferentRecords@46daef40]" name="afterMethod" is-config="true" duration-ms="386" started-at="2017-08-30T07:00:36Z" finished-at="2017-08-30T07:00:36Z">
          <params>
            <param index="0">
              <value>
                <![CDATA[[TestResult name=loginToApplication status=FAILURE method=TC003_VerifyLoginWithDifferentRecords.loginToApplication(java.lang.String, java.lang.String, java.lang.String)[pri:0, instance:com.test.automation.UIAutomation.homepage.TC003_VerifyLoginWithDifferentRecords@46daef40] output=Test started Running:loginToApplication]]]>
              </value>
            </param>
          </params>
          <reporter-output>
            <line>
              <![CDATA[<a href='C:\Users\ravilella\git\ravilella12\UIAutomation\src\main\java\com\test\automation\UIAutomation\screenshot\blank_30_08_2017_07_00_36.png'> <img src='C:\Users\ravilella\git\ravilella12\UIAutomation\src\main\java\com\test\automation\UIAutomation\screenshot\blank_30_08_2017_07_00_36.png' height='100' width='100'/> </a>]]>
            </line>
          </reporter-output>
        </test-method> <!-- afterMethod -->
        <test-method status="PASS" signature="beforeMethod(java.lang.reflect.Method)[pri:0, instance:com.test.automation.UIAutomation.homepage.TC003_VerifyLoginWithDifferentRecords@46daef40]" name="beforeMethod" is-config="true" duration-ms="1" started-at="2017-08-30T07:00:36Z" finished-at="2017-08-30T07:00:36Z">
          <params>
            <param index="0">
              <value>
                <![CDATA[public void com.test.automation.UIAutomation.homepage.TC003_VerifyLoginWithDifferentRecords.loginToApplication(java.lang.String,java.lang.String,java.lang.String)]]>
              </value>
            </param>
          </params>
          <reporter-output>
          </reporter-output>
        </test-method> <!-- beforeMethod -->
        <test-method status="FAIL" signature="loginToApplication(java.lang.String, java.lang.String, java.lang.String)[pri:0, instance:com.test.automation.UIAutomation.homepage.TC003_VerifyLoginWithDifferentRecords@46daef40]" name="loginToApplication" duration-ms="1" started-at="2017-08-30T07:00:36Z" data-provider="loginData" finished-at="2017-08-30T07:00:36Z">
          <params>
            <param index="0">
              <value is-null="true"/>
            </param>
            <param index="1">
              <value is-null="true"/>
            </param>
            <param index="2">
              <value is-null="true"/>
            </param>
          </params>
          <exception class="java.lang.NullPointerException">
            <full-stacktrace>
              <![CDATA[java.lang.NullPointerException
	at com.test.automation.UIAutomation.homepage.TC003_VerifyLoginWithDifferentRecords.loginToApplication(TC003_VerifyLoginWithDifferentRecords.java:41)
	at sun.reflect.NativeMethodAccessorImpl.invoke0(Native Method)
	at sun.reflect.NativeMethodAccessorImpl.invoke(NativeMethodAccessorImpl.java:62)
	at sun.reflect.DelegatingMethodAccessorImpl.invoke(DelegatingMethodAccessorImpl.java:43)
	at java.lang.reflect.Method.invoke(Method.java:498)
	at org.testng.internal.MethodInvocationHelper.invokeMethod(MethodInvocationHelper.java:108)
	at org.testng.internal.Invoker.invokeMethod(Invoker.java:661)
	at org.testng.internal.Invoker.invokeTestMethod(Invoker.java:869)
	at org.testng.internal.Invoker.invokeTestMethods(Invoker.java:1193)
	at org.testng.internal.TestMethodWorker.invokeTestMethods(TestMethodWorker.java:126)
	at org.testng.internal.TestMethodWorker.run(TestMethodWorker.java:109)
	at org.testng.TestRunner.privateRun(TestRunner.java:744)
	at org.testng.TestRunner.run(TestRunner.java:602)
	at org.testng.SuiteRunner.runTest(SuiteRunner.java:380)
	at org.testng.SuiteRunner.runSequentially(SuiteRunner.java:375)
	at org.testng.SuiteRunner.privateRun(SuiteRunner.java:340)
	at org.testng.SuiteRunner.run(SuiteRunner.java:289)
	at org.testng.SuiteRunnerWorker.runSuite(SuiteRunnerWorker.java:52)
	at org.testng.SuiteRunnerWorker.run(SuiteRunnerWorker.java:86)
	at org.testng.TestNG.runSuitesSequentially(TestNG.java:1301)
	at org.testng.TestNG.runSuitesLocally(TestNG.java:1226)
	at org.testng.TestNG.runSuites(TestNG.java:1144)
	at org.testng.TestNG.run(TestNG.java:1115)
	at org.testng.remote.AbstractRemoteTestNG.run(AbstractRemoteTestNG.java:132)
	at org.testng.remote.RemoteTestNG.initAndRun(RemoteTestNG.java:230)
	at org.testng.remote.RemoteTestNG.main(RemoteTestNG.java:76)
]]>
            </full-stacktrace>
          </exception> <!-- java.lang.NullPointerException -->
          <reporter-output>
            <line>
              <![CDATA[Test started Running:loginToApplication]]>
            </line>
            <line>
              <![CDATA[<a href='C:\Users\ravilella\git\ravilella12\UIAutomation\src\main\java\com\test\automation\uiAutomation\failure_screenshots\loginToApplication_30_08_2017_07_00_36.png'> <img src='C:\Users\ravilella\git\ravilella12\UIAutomation\src\main\java\com\test\automation\uiAutomation\failure_screenshots\loginToApplication_30_08_2017_07_00_36.png' height='100' width='100'/> </a>]]>
            </line>
          </reporter-output>
        </test-method> <!-- loginToApplication -->
        <test-method status="PASS" signature="afterMethod(org.testng.ITestResult)[pri:0, instance:com.test.automation.UIAutomation.homepage.TC003_VerifyLoginWithDifferentRecords@46daef40]" name="afterMethod" is-config="true" duration-ms="375" started-at="2017-08-30T07:00:36Z" finished-at="2017-08-30T07:00:37Z">
          <params>
            <param index="0">
              <value>
                <![CDATA[[TestResult name=loginToApplication status=FAILURE method=TC003_VerifyLoginWithDifferentRecords.loginToApplication(java.lang.String, java.lang.String, java.lang.String)[pri:0, instance:com.test.automation.UIAutomation.homepage.TC003_VerifyLoginWithDifferentRecords@46daef40] output=Test started Running:loginToApplication]]]>
              </value>
            </param>
          </params>
          <reporter-output>
            <line>
              <![CDATA[<a href='C:\Users\ravilella\git\ravilella12\UIAutomation\src\main\java\com\test\automation\UIAutomation\screenshot\blank_30_08_2017_07_00_36.png'> <img src='C:\Users\ravilella\git\ravilella12\UIAutomation\src\main\java\com\test\automation\UIAutomation\screenshot\blank_30_08_2017_07_00_36.png' height='100' width='100'/> </a>]]>
            </line>
          </reporter-output>
        </test-method> <!-- afterMethod -->
        <test-method status="PASS" signature="beforeMethod(java.lang.reflect.Method)[pri:0, instance:com.test.automation.UIAutomation.homepage.TC003_VerifyLoginWithDifferentRecords@46daef40]" name="beforeMethod" is-config="true" duration-ms="1" started-at="2017-08-30T07:00:37Z" finished-at="2017-08-30T07:00:37Z">
          <params>
            <param index="0">
              <value>
                <![CDATA[public void com.test.automation.UIAutomation.homepage.TC003_VerifyLoginWithDifferentRecords.loginToApplication(java.lang.String,java.lang.String,java.lang.String)]]>
              </value>
            </param>
          </params>
          <reporter-output>
          </reporter-output>
        </test-method> <!-- beforeMethod -->
        <test-method status="FAIL" signature="loginToApplication(java.lang.String, java.lang.String, java.lang.String)[pri:0, instance:com.test.automation.UIAutomation.homepage.TC003_VerifyLoginWithDifferentRecords@46daef40]" name="loginToApplication" duration-ms="2" started-at="2017-08-30T07:00:37Z" data-provider="loginData" finished-at="2017-08-30T07:00:37Z">
          <params>
            <param index="0">
              <value is-null="true"/>
            </param>
            <param index="1">
              <value is-null="true"/>
            </param>
            <param index="2">
              <value is-null="true"/>
            </param>
          </params>
          <exception class="java.lang.NullPointerException">
            <full-stacktrace>
              <![CDATA[java.lang.NullPointerException
	at com.test.automation.UIAutomation.homepage.TC003_VerifyLoginWithDifferentRecords.loginToApplication(TC003_VerifyLoginWithDifferentRecords.java:41)
	at sun.reflect.NativeMethodAccessorImpl.invoke0(Native Method)
	at sun.reflect.NativeMethodAccessorImpl.invoke(NativeMethodAccessorImpl.java:62)
	at sun.reflect.DelegatingMethodAccessorImpl.invoke(DelegatingMethodAccessorImpl.java:43)
	at java.lang.reflect.Method.invoke(Method.java:498)
	at org.testng.internal.MethodInvocationHelper.invokeMethod(MethodInvocationHelper.java:108)
	at org.testng.internal.Invoker.invokeMethod(Invoker.java:661)
	at org.testng.internal.Invoker.retryFailed(Invoker.java:1014)
	at org.testng.internal.Invoker.invokeTestMethods(Invoker.java:1215)
	at org.testng.internal.TestMethodWorker.invokeTestMethods(TestMethodWorker.java:126)
	at org.testng.internal.TestMethodWorker.run(TestMethodWorker.java:109)
	at org.testng.TestRunner.privateRun(TestRunner.java:744)
	at org.testng.TestRunner.run(TestRunner.java:602)
	at org.testng.SuiteRunner.runTest(SuiteRunner.java:380)
	at org.testng.SuiteRunner.runSequentially(SuiteRunner.java:375)
	at org.testng.SuiteRunner.privateRun(SuiteRunner.java:340)
	at org.testng.SuiteRunner.run(SuiteRunner.java:289)
	at org.testng.SuiteRunnerWorker.runSuite(SuiteRunnerWorker.java:52)
	at org.testng.SuiteRunnerWorker.run(SuiteRunnerWorker.java:86)
	at org.testng.TestNG.runSuitesSequentially(TestNG.java:1301)
	at org.testng.TestNG.runSuitesLocally(TestNG.java:1226)
	at org.testng.TestNG.runSuites(TestNG.java:1144)
	at org.testng.TestNG.run(TestNG.java:1115)
	at org.testng.remote.AbstractRemoteTestNG.run(AbstractRemoteTestNG.java:132)
	at org.testng.remote.RemoteTestNG.initAndRun(RemoteTestNG.java:230)
	at org.testng.remote.RemoteTestNG.main(RemoteTestNG.java:76)
]]>
            </full-stacktrace>
          </exception> <!-- java.lang.NullPointerException -->
          <reporter-output>
            <line>
              <![CDATA[Test started Running:loginToApplication]]>
            </line>
            <line>
              <![CDATA[<a href='C:\Users\ravilella\git\ravilella12\UIAutomation\src\main\java\com\test\automation\uiAutomation\failure_screenshots\loginToApplication_30_08_2017_07_00_37.png'> <img src='C:\Users\ravilella\git\ravilella12\UIAutomation\src\main\java\com\test\automation\uiAutomation\failure_screenshots\loginToApplication_30_08_2017_07_00_37.png' height='100' width='100'/> </a>]]>
            </line>
          </reporter-output>
        </test-method> <!-- loginToApplication -->
        <test-method status="PASS" signature="afterMethod(org.testng.ITestResult)[pri:0, instance:com.test.automation.UIAutomation.homepage.TC003_VerifyLoginWithDifferentRecords@46daef40]" name="afterMethod" is-config="true" duration-ms="376" started-at="2017-08-30T07:00:37Z" finished-at="2017-08-30T07:00:38Z">
          <params>
            <param index="0">
              <value>
                <![CDATA[[TestResult name=loginToApplication status=FAILURE method=TC003_VerifyLoginWithDifferentRecords.loginToApplication(java.lang.String, java.lang.String, java.lang.String)[pri:0, instance:com.test.automation.UIAutomation.homepage.TC003_VerifyLoginWithDifferentRecords@46daef40] output=Test started Running:loginToApplication]]]>
              </value>
            </param>
          </params>
          <reporter-output>
            <line>
              <![CDATA[<a href='C:\Users\ravilella\git\ravilella12\UIAutomation\src\main\java\com\test\automation\UIAutomation\screenshot\blank_30_08_2017_07_00_37.png'> <img src='C:\Users\ravilella\git\ravilella12\UIAutomation\src\main\java\com\test\automation\UIAutomation\screenshot\blank_30_08_2017_07_00_37.png' height='100' width='100'/> </a>]]>
            </line>
          </reporter-output>
        </test-method> <!-- afterMethod -->
        <test-method status="PASS" signature="beforeMethod(java.lang.reflect.Method)[pri:0, instance:com.test.automation.UIAutomation.homepage.TC003_VerifyLoginWithDifferentRecords@46daef40]" name="beforeMethod" is-config="true" duration-ms="0" started-at="2017-08-30T07:00:38Z" finished-at="2017-08-30T07:00:38Z">
          <params>
            <param index="0">
              <value>
                <![CDATA[public void com.test.automation.UIAutomation.homepage.TC003_VerifyLoginWithDifferentRecords.loginToApplication(java.lang.String,java.lang.String,java.lang.String)]]>
              </value>
            </param>
          </params>
          <reporter-output>
          </reporter-output>
        </test-method> <!-- beforeMethod -->
        <test-method status="FAIL" signature="loginToApplication(java.lang.String, java.lang.String, java.lang.String)[pri:0, instance:com.test.automation.UIAutomation.homepage.TC003_VerifyLoginWithDifferentRecords@46daef40]" name="loginToApplication" duration-ms="1" started-at="2017-08-30T07:00:38Z" data-provider="loginData" finished-at="2017-08-30T07:00:38Z">
          <params>
            <param index="0">
              <value is-null="true"/>
            </param>
            <param index="1">
              <value is-null="true"/>
            </param>
            <param index="2">
              <value is-null="true"/>
            </param>
          </params>
          <exception class="java.lang.NullPointerException">
            <full-stacktrace>
              <![CDATA[java.lang.NullPointerException
	at com.test.automation.UIAutomation.homepage.TC003_VerifyLoginWithDifferentRecords.loginToApplication(TC003_VerifyLoginWithDifferentRecords.java:41)
	at sun.reflect.NativeMethodAccessorImpl.invoke0(Native Method)
	at sun.reflect.NativeMethodAccessorImpl.invoke(NativeMethodAccessorImpl.java:62)
	at sun.reflect.DelegatingMethodAccessorImpl.invoke(DelegatingMethodAccessorImpl.java:43)
	at java.lang.reflect.Method.invoke(Method.java:498)
	at org.testng.internal.MethodInvocationHelper.invokeMethod(MethodInvocationHelper.java:108)
	at org.testng.internal.Invoker.invokeMethod(Invoker.java:661)
	at org.testng.internal.Invoker.invokeTestMethod(Invoker.java:869)
	at org.testng.internal.Invoker.invokeTestMethods(Invoker.java:1193)
	at org.testng.internal.TestMethodWorker.invokeTestMethods(TestMethodWorker.java:126)
	at org.testng.internal.TestMethodWorker.run(TestMethodWorker.java:109)
	at org.testng.TestRunner.privateRun(TestRunner.java:744)
	at org.testng.TestRunner.run(TestRunner.java:602)
	at org.testng.SuiteRunner.runTest(SuiteRunner.java:380)
	at org.testng.SuiteRunner.runSequentially(SuiteRunner.java:375)
	at org.testng.SuiteRunner.privateRun(SuiteRunner.java:340)
	at org.testng.SuiteRunner.run(SuiteRunner.java:289)
	at org.testng.SuiteRunnerWorker.runSuite(SuiteRunnerWorker.java:52)
	at org.testng.SuiteRunnerWorker.run(SuiteRunnerWorker.java:86)
	at org.testng.TestNG.runSuitesSequentially(TestNG.java:1301)
	at org.testng.TestNG.runSuitesLocally(TestNG.java:1226)
	at org.testng.TestNG.runSuites(TestNG.java:1144)
	at org.testng.TestNG.run(TestNG.java:1115)
	at org.testng.remote.AbstractRemoteTestNG.run(AbstractRemoteTestNG.java:132)
	at org.testng.remote.RemoteTestNG.initAndRun(RemoteTestNG.java:230)
	at org.testng.remote.RemoteTestNG.main(RemoteTestNG.java:76)
]]>
            </full-stacktrace>
          </exception> <!-- java.lang.NullPointerException -->
          <reporter-output>
            <line>
              <![CDATA[Test started Running:loginToApplication]]>
            </line>
            <line>
              <![CDATA[<a href='C:\Users\ravilella\git\ravilella12\UIAutomation\src\main\java\com\test\automation\uiAutomation\failure_screenshots\loginToApplication_30_08_2017_07_00_38.png'> <img src='C:\Users\ravilella\git\ravilella12\UIAutomation\src\main\java\com\test\automation\uiAutomation\failure_screenshots\loginToApplication_30_08_2017_07_00_38.png' height='100' width='100'/> </a>]]>
            </line>
          </reporter-output>
        </test-method> <!-- loginToApplication -->
        <test-method status="PASS" signature="afterMethod(org.testng.ITestResult)[pri:0, instance:com.test.automation.UIAutomation.homepage.TC003_VerifyLoginWithDifferentRecords@46daef40]" name="afterMethod" is-config="true" duration-ms="384" started-at="2017-08-30T07:00:38Z" finished-at="2017-08-30T07:00:38Z">
          <params>
            <param index="0">
              <value>
                <![CDATA[[TestResult name=loginToApplication status=FAILURE method=TC003_VerifyLoginWithDifferentRecords.loginToApplication(java.lang.String, java.lang.String, java.lang.String)[pri:0, instance:com.test.automation.UIAutomation.homepage.TC003_VerifyLoginWithDifferentRecords@46daef40] output=Test started Running:loginToApplication]]]>
              </value>
            </param>
          </params>
          <reporter-output>
            <line>
              <![CDATA[<a href='C:\Users\ravilella\git\ravilella12\UIAutomation\src\main\java\com\test\automation\UIAutomation\screenshot\blank_30_08_2017_07_00_38.png'> <img src='C:\Users\ravilella\git\ravilella12\UIAutomation\src\main\java\com\test\automation\UIAutomation\screenshot\blank_30_08_2017_07_00_38.png' height='100' width='100'/> </a>]]>
            </line>
          </reporter-output>
        </test-method> <!-- afterMethod -->
        <test-method status="PASS" signature="beforeMethod(java.lang.reflect.Method)[pri:0, instance:com.test.automation.UIAutomation.homepage.TC003_VerifyLoginWithDifferentRecords@46daef40]" name="beforeMethod" is-config="true" duration-ms="1" started-at="2017-08-30T07:00:38Z" finished-at="2017-08-30T07:00:38Z">
          <params>
            <param index="0">
              <value>
                <![CDATA[public void com.test.automation.UIAutomation.homepage.TC003_VerifyLoginWithDifferentRecords.loginToApplication(java.lang.String,java.lang.String,java.lang.String)]]>
              </value>
            </param>
          </params>
          <reporter-output>
          </reporter-output>
        </test-method> <!-- beforeMethod -->
        <test-method status="FAIL" signature="loginToApplication(java.lang.String, java.lang.String, java.lang.String)[pri:0, instance:com.test.automation.UIAutomation.homepage.TC003_VerifyLoginWithDifferentRecords@46daef40]" name="loginToApplication" duration-ms="1" started-at="2017-08-30T07:00:38Z" data-provider="loginData" finished-at="2017-08-30T07:00:38Z">
          <params>
            <param index="0">
              <value is-null="true"/>
            </param>
            <param index="1">
              <value is-null="true"/>
            </param>
            <param index="2">
              <value is-null="true"/>
            </param>
          </params>
          <exception class="java.lang.NullPointerException">
            <full-stacktrace>
              <![CDATA[java.lang.NullPointerException
	at com.test.automation.UIAutomation.homepage.TC003_VerifyLoginWithDifferentRecords.loginToApplication(TC003_VerifyLoginWithDifferentRecords.java:41)
	at sun.reflect.NativeMethodAccessorImpl.invoke0(Native Method)
	at sun.reflect.NativeMethodAccessorImpl.invoke(NativeMethodAccessorImpl.java:62)
	at sun.reflect.DelegatingMethodAccessorImpl.invoke(DelegatingMethodAccessorImpl.java:43)
	at java.lang.reflect.Method.invoke(Method.java:498)
	at org.testng.internal.MethodInvocationHelper.invokeMethod(MethodInvocationHelper.java:108)
	at org.testng.internal.Invoker.invokeMethod(Invoker.java:661)
	at org.testng.internal.Invoker.retryFailed(Invoker.java:1014)
	at org.testng.internal.Invoker.invokeTestMethods(Invoker.java:1215)
	at org.testng.internal.TestMethodWorker.invokeTestMethods(TestMethodWorker.java:126)
	at org.testng.internal.TestMethodWorker.run(TestMethodWorker.java:109)
	at org.testng.TestRunner.privateRun(TestRunner.java:744)
	at org.testng.TestRunner.run(TestRunner.java:602)
	at org.testng.SuiteRunner.runTest(SuiteRunner.java:380)
	at org.testng.SuiteRunner.runSequentially(SuiteRunner.java:375)
	at org.testng.SuiteRunner.privateRun(SuiteRunner.java:340)
	at org.testng.SuiteRunner.run(SuiteRunner.java:289)
	at org.testng.SuiteRunnerWorker.runSuite(SuiteRunnerWorker.java:52)
	at org.testng.SuiteRunnerWorker.run(SuiteRunnerWorker.java:86)
	at org.testng.TestNG.runSuitesSequentially(TestNG.java:1301)
	at org.testng.TestNG.runSuitesLocally(TestNG.java:1226)
	at org.testng.TestNG.runSuites(TestNG.java:1144)
	at org.testng.TestNG.run(TestNG.java:1115)
	at org.testng.remote.AbstractRemoteTestNG.run(AbstractRemoteTestNG.java:132)
	at org.testng.remote.RemoteTestNG.initAndRun(RemoteTestNG.java:230)
	at org.testng.remote.RemoteTestNG.main(RemoteTestNG.java:76)
]]>
            </full-stacktrace>
          </exception> <!-- java.lang.NullPointerException -->
          <reporter-output>
            <line>
              <![CDATA[Test started Running:loginToApplication]]>
            </line>
            <line>
              <![CDATA[<a href='C:\Users\ravilella\git\ravilella12\UIAutomation\src\main\java\com\test\automation\uiAutomation\failure_screenshots\loginToApplication_30_08_2017_07_00_38.png'> <img src='C:\Users\ravilella\git\ravilella12\UIAutomation\src\main\java\com\test\automation\uiAutomation\failure_screenshots\loginToApplication_30_08_2017_07_00_38.png' height='100' width='100'/> </a>]]>
            </line>
          </reporter-output>
        </test-method> <!-- loginToApplication -->
        <test-method status="PASS" signature="afterMethod(org.testng.ITestResult)[pri:0, instance:com.test.automation.UIAutomation.homepage.TC003_VerifyLoginWithDifferentRecords@46daef40]" name="afterMethod" is-config="true" duration-ms="368" started-at="2017-08-30T07:00:39Z" finished-at="2017-08-30T07:00:39Z">
          <params>
            <param index="0">
              <value>
                <![CDATA[[TestResult name=loginToApplication status=FAILURE method=TC003_VerifyLoginWithDifferentRecords.loginToApplication(java.lang.String, java.lang.String, java.lang.String)[pri:0, instance:com.test.automation.UIAutomation.homepage.TC003_VerifyLoginWithDifferentRecords@46daef40] output=Test started Running:loginToApplication]]]>
              </value>
            </param>
          </params>
          <reporter-output>
            <line>
              <![CDATA[<a href='C:\Users\ravilella\git\ravilella12\UIAutomation\src\main\java\com\test\automation\UIAutomation\screenshot\blank_30_08_2017_07_00_39.png'> <img src='C:\Users\ravilella\git\ravilella12\UIAutomation\src\main\java\com\test\automation\UIAutomation\screenshot\blank_30_08_2017_07_00_39.png' height='100' width='100'/> </a>]]>
            </line>
          </reporter-output>
        </test-method> <!-- afterMethod -->
        <test-method status="PASS" signature="beforeMethod(java.lang.reflect.Method)[pri:0, instance:com.test.automation.UIAutomation.homepage.TC003_VerifyLoginWithDifferentRecords@46daef40]" name="beforeMethod" is-config="true" duration-ms="1" started-at="2017-08-30T07:00:39Z" finished-at="2017-08-30T07:00:39Z">
          <params>
            <param index="0">
              <value>
                <![CDATA[public void com.test.automation.UIAutomation.homepage.TC003_VerifyLoginWithDifferentRecords.loginToApplication(java.lang.String,java.lang.String,java.lang.String)]]>
              </value>
            </param>
          </params>
          <reporter-output>
          </reporter-output>
        </test-method> <!-- beforeMethod -->
        <test-method status="FAIL" signature="loginToApplication(java.lang.String, java.lang.String, java.lang.String)[pri:0, instance:com.test.automation.UIAutomation.homepage.TC003_VerifyLoginWithDifferentRecords@46daef40]" name="loginToApplication" duration-ms="1" started-at="2017-08-30T07:00:39Z" data-provider="loginData" finished-at="2017-08-30T07:00:39Z">
          <params>
            <param index="0">
              <value is-null="true"/>
            </param>
            <param index="1">
              <value is-null="true"/>
            </param>
            <param index="2">
              <value is-null="true"/>
            </param>
          </params>
          <exception class="java.lang.NullPointerException">
            <full-stacktrace>
              <![CDATA[java.lang.NullPointerException
	at com.test.automation.UIAutomation.homepage.TC003_VerifyLoginWithDifferentRecords.loginToApplication(TC003_VerifyLoginWithDifferentRecords.java:41)
	at sun.reflect.NativeMethodAccessorImpl.invoke0(Native Method)
	at sun.reflect.NativeMethodAccessorImpl.invoke(NativeMethodAccessorImpl.java:62)
	at sun.reflect.DelegatingMethodAccessorImpl.invoke(DelegatingMethodAccessorImpl.java:43)
	at java.lang.reflect.Method.invoke(Method.java:498)
	at org.testng.internal.MethodInvocationHelper.invokeMethod(MethodInvocationHelper.java:108)
	at org.testng.internal.Invoker.invokeMethod(Invoker.java:661)
	at org.testng.internal.Invoker.invokeTestMethod(Invoker.java:869)
	at org.testng.internal.Invoker.invokeTestMethods(Invoker.java:1193)
	at org.testng.internal.TestMethodWorker.invokeTestMethods(TestMethodWorker.java:126)
	at org.testng.internal.TestMethodWorker.run(TestMethodWorker.java:109)
	at org.testng.TestRunner.privateRun(TestRunner.java:744)
	at org.testng.TestRunner.run(TestRunner.java:602)
	at org.testng.SuiteRunner.runTest(SuiteRunner.java:380)
	at org.testng.SuiteRunner.runSequentially(SuiteRunner.java:375)
	at org.testng.SuiteRunner.privateRun(SuiteRunner.java:340)
	at org.testng.SuiteRunner.run(SuiteRunner.java:289)
	at org.testng.SuiteRunnerWorker.runSuite(SuiteRunnerWorker.java:52)
	at org.testng.SuiteRunnerWorker.run(SuiteRunnerWorker.java:86)
	at org.testng.TestNG.runSuitesSequentially(TestNG.java:1301)
	at org.testng.TestNG.runSuitesLocally(TestNG.java:1226)
	at org.testng.TestNG.runSuites(TestNG.java:1144)
	at org.testng.TestNG.run(TestNG.java:1115)
	at org.testng.remote.AbstractRemoteTestNG.run(AbstractRemoteTestNG.java:132)
	at org.testng.remote.RemoteTestNG.initAndRun(RemoteTestNG.java:230)
	at org.testng.remote.RemoteTestNG.main(RemoteTestNG.java:76)
]]>
            </full-stacktrace>
          </exception> <!-- java.lang.NullPointerException -->
          <reporter-output>
            <line>
              <![CDATA[Test started Running:loginToApplication]]>
            </line>
            <line>
              <![CDATA[<a href='C:\Users\ravilella\git\ravilella12\UIAutomation\src\main\java\com\test\automation\uiAutomation\failure_screenshots\loginToApplication_30_08_2017_07_00_39.png'> <img src='C:\Users\ravilella\git\ravilella12\UIAutomation\src\main\java\com\test\automation\uiAutomation\failure_screenshots\loginToApplication_30_08_2017_07_00_39.png' height='100' width='100'/> </a>]]>
            </line>
          </reporter-output>
        </test-method> <!-- loginToApplication -->
        <test-method status="PASS" signature="afterMethod(org.testng.ITestResult)[pri:0, instance:com.test.automation.UIAutomation.homepage.TC003_VerifyLoginWithDifferentRecords@46daef40]" name="afterMethod" is-config="true" duration-ms="348" started-at="2017-08-30T07:00:39Z" finished-at="2017-08-30T07:00:40Z">
          <params>
            <param index="0">
              <value>
                <![CDATA[[TestResult name=loginToApplication status=FAILURE method=TC003_VerifyLoginWithDifferentRecords.loginToApplication(java.lang.String, java.lang.String, java.lang.String)[pri:0, instance:com.test.automation.UIAutomation.homepage.TC003_VerifyLoginWithDifferentRecords@46daef40] output=Test started Running:loginToApplication]]]>
              </value>
            </param>
          </params>
          <reporter-output>
            <line>
              <![CDATA[<a href='C:\Users\ravilella\git\ravilella12\UIAutomation\src\main\java\com\test\automation\UIAutomation\screenshot\blank_30_08_2017_07_00_39.png'> <img src='C:\Users\ravilella\git\ravilella12\UIAutomation\src\main\java\com\test\automation\UIAutomation\screenshot\blank_30_08_2017_07_00_39.png' height='100' width='100'/> </a>]]>
            </line>
          </reporter-output>
        </test-method> <!-- afterMethod -->
        <test-method status="FAIL" signature="loginToApplication(java.lang.String, java.lang.String, java.lang.String)[pri:0, instance:com.test.automation.UIAutomation.homepage.TC003_VerifyLoginWithDifferentRecords@46daef40]" name="loginToApplication" duration-ms="1" started-at="2017-08-30T07:00:40Z" data-provider="loginData" finished-at="2017-08-30T07:00:40Z">
          <params>
            <param index="0">
              <value is-null="true"/>
            </param>
            <param index="1">
              <value is-null="true"/>
            </param>
            <param index="2">
              <value is-null="true"/>
            </param>
          </params>
          <exception class="java.lang.NullPointerException">
            <full-stacktrace>
              <![CDATA[java.lang.NullPointerException
	at com.test.automation.UIAutomation.homepage.TC003_VerifyLoginWithDifferentRecords.loginToApplication(TC003_VerifyLoginWithDifferentRecords.java:41)
	at sun.reflect.NativeMethodAccessorImpl.invoke0(Native Method)
	at sun.reflect.NativeMethodAccessorImpl.invoke(NativeMethodAccessorImpl.java:62)
	at sun.reflect.DelegatingMethodAccessorImpl.invoke(DelegatingMethodAccessorImpl.java:43)
	at java.lang.reflect.Method.invoke(Method.java:498)
	at org.testng.internal.MethodInvocationHelper.invokeMethod(MethodInvocationHelper.java:108)
	at org.testng.internal.Invoker.invokeMethod(Invoker.java:661)
	at org.testng.internal.Invoker.retryFailed(Invoker.java:1014)
	at org.testng.internal.Invoker.invokeTestMethods(Invoker.java:1215)
	at org.testng.internal.TestMethodWorker.invokeTestMethods(TestMethodWorker.java:126)
	at org.testng.internal.TestMethodWorker.run(TestMethodWorker.java:109)
	at org.testng.TestRunner.privateRun(TestRunner.java:744)
	at org.testng.TestRunner.run(TestRunner.java:602)
	at org.testng.SuiteRunner.runTest(SuiteRunner.java:380)
	at org.testng.SuiteRunner.runSequentially(SuiteRunner.java:375)
	at org.testng.SuiteRunner.privateRun(SuiteRunner.java:340)
	at org.testng.SuiteRunner.run(SuiteRunner.java:289)
	at org.testng.SuiteRunnerWorker.runSuite(SuiteRunnerWorker.java:52)
	at org.testng.SuiteRunnerWorker.run(SuiteRunnerWorker.java:86)
	at org.testng.TestNG.runSuitesSequentially(TestNG.java:1301)
	at org.testng.TestNG.runSuitesLocally(TestNG.java:1226)
	at org.testng.TestNG.runSuites(TestNG.java:1144)
	at org.testng.TestNG.run(TestNG.java:1115)
	at org.testng.remote.AbstractRemoteTestNG.run(AbstractRemoteTestNG.java:132)
	at org.testng.remote.RemoteTestNG.initAndRun(RemoteTestNG.java:230)
	at org.testng.remote.RemoteTestNG.main(RemoteTestNG.java:76)
]]>
            </full-stacktrace>
          </exception> <!-- java.lang.NullPointerException -->
          <reporter-output>
            <line>
              <![CDATA[Test started Running:loginToApplication]]>
            </line>
            <line>
              <![CDATA[<a href='C:\Users\ravilella\git\ravilella12\UIAutomation\src\main\java\com\test\automation\uiAutomation\failure_screenshots\loginToApplication_30_08_2017_07_00_40.png'> <img src='C:\Users\ravilella\git\ravilella12\UIAutomation\src\main\java\com\test\automation\uiAutomation\failure_screenshots\loginToApplication_30_08_2017_07_00_40.png' height='100' width='100'/> </a>]]>
            </line>
          </reporter-output>
        </test-method> <!-- loginToApplication -->
        <test-method status="PASS" signature="beforeMethod(java.lang.reflect.Method)[pri:0, instance:com.test.automation.UIAutomation.homepage.TC003_VerifyLoginWithDifferentRecords@46daef40]" name="beforeMethod" is-config="true" duration-ms="0" started-at="2017-08-30T07:00:40Z" finished-at="2017-08-30T07:00:40Z">
          <params>
            <param index="0">
              <value>
                <![CDATA[public void com.test.automation.UIAutomation.homepage.TC003_VerifyLoginWithDifferentRecords.loginToApplication(java.lang.String,java.lang.String,java.lang.String)]]>
              </value>
            </param>
          </params>
          <reporter-output>
          </reporter-output>
        </test-method> <!-- beforeMethod -->
        <test-method status="PASS" signature="afterMethod(org.testng.ITestResult)[pri:0, instance:com.test.automation.UIAutomation.homepage.TC003_VerifyLoginWithDifferentRecords@46daef40]" name="afterMethod" is-config="true" duration-ms="360" started-at="2017-08-30T07:00:40Z" finished-at="2017-08-30T07:00:41Z">
          <params>
            <param index="0">
              <value>
                <![CDATA[[TestResult name=loginToApplication status=FAILURE method=TC003_VerifyLoginWithDifferentRecords.loginToApplication(java.lang.String, java.lang.String, java.lang.String)[pri:0, instance:com.test.automation.UIAutomation.homepage.TC003_VerifyLoginWithDifferentRecords@46daef40] output=Test started Running:loginToApplication]]]>
              </value>
            </param>
          </params>
          <reporter-output>
            <line>
              <![CDATA[<a href='C:\Users\ravilella\git\ravilella12\UIAutomation\src\main\java\com\test\automation\UIAutomation\screenshot\blank_30_08_2017_07_00_40.png'> <img src='C:\Users\ravilella\git\ravilella12\UIAutomation\src\main\java\com\test\automation\UIAutomation\screenshot\blank_30_08_2017_07_00_40.png' height='100' width='100'/> </a>]]>
            </line>
          </reporter-output>
        </test-method> <!-- afterMethod -->
        <test-method status="PASS" signature="endTest()[pri:0, instance:com.test.automation.UIAutomation.homepage.TC003_VerifyLoginWithDifferentRecords@46daef40]" name="endTest" is-config="true" duration-ms="2542" started-at="2017-08-30T07:00:41Z" finished-at="2017-08-30T07:00:43Z">
          <reporter-output>
          </reporter-output>
        </test-method> <!-- endTest -->
      </class> <!-- com.test.automation.UIAutomation.homepage.TC003_VerifyLoginWithDifferentRecords -->
    </test> <!-- TC003_VerifyLoginWithDifferentRecords -->
  </suite> <!-- Regression suite -->
</testng-results>
