<?xml version="1.0" encoding="UTF-8"?>
<!-- Generated by org.testng.reporters.JUnitXMLReporter -->
<testsuite hostname="DESKTOP-5BHJEAE" ignored="0" name="HariTestingTools" tests="3" failures="0" timestamp="14 Jul 2017 04:43:08 GMT" time="166.844" errors="0">
  <testcase name="abc" time="0.263" classname="com.softq.TestNGDemo"/>
  <testcase name="pqr" time="0.212" classname="com.softq.TestNGDemo"/>
  <testcase name="xyz" time="0.207" classname="com.softq.TestNGDemo"/>
</testsuite> <!-- HariTestingTools -->
