<?xml version="1.0" encoding="UTF-8"?>
<!-- Generated by org.testng.reporters.JUnitXMLReporter -->
<testsuite hostname="DESKTOP-5BHJEAE" ignored="0" name="purushothamTestingTools" tests="3" failures="0" timestamp="14 Jul 2017 04:42:37 GMT" time="136.02" errors="0">
  <testcase name="abc" time="0.327" classname="com.softq.TestNGDemo"/>
  <testcase name="pqr" time="0.194" classname="com.softq.TestNGDemo"/>
  <testcase name="xyz" time="0.223" classname="com.softq.TestNGDemo"/>
</testsuite> <!-- purushothamTestingTools -->
