<?xml version="1.0" encoding="UTF-8"?>
<!-- Generated by org.testng.reporters.JUnitXMLReporter -->
<testsuite hostname="DESKTOP-5BHJEAE" ignored="0" name="Chrome Smoke test" tests="5" failures="0" timestamp="20 Jul 2016 10:35:30 GMT" time="88.791" errors="0">
  <testcase name="singleDropDown" time="10.359" classname="com.softq.SingleDropdown"/>
  <testcase name="DragAnddrop" time="10.006" classname="com.softq.MouseOperations"/>
  <testcase name="MoveToelement" time="6.129" classname="com.softq.MouseOperations"/>
  <testcase name="Browserslider" time="23.041" classname="com.softq.MouseOperations"/>
  <testcase name="slider" time="9.311" classname="com.softq.MouseOperations"/>
</testsuite> <!-- Chrome Smoke test -->
