<?xml version="1.0" encoding="UTF-8"?>
<!-- Generated by org.testng.reporters.JUnitXMLReporter -->
<testsuite hostname="DESKTOP-5BHJEAE" ignored="0" name="TC003_VerifyLoginWithDifferentRecords" tests="12" failures="9" timestamp="30 Aug 2017 01:30:43 GMT" time="49.501" errors="0">
  <testcase name="loginToApplication" time="11.491" classname="com.test.automation.UIAutomation.homepage.TC003_VerifyLoginWithDifferentRecords"/>
  <testcase name="loginToApplication" time="0.002" classname="com.test.automation.UIAutomation.homepage.TC003_VerifyLoginWithDifferentRecords">
    <skipped/>
  </testcase> <!-- loginToApplication -->
  <testcase name="loginToApplication" time="0.006" classname="com.test.automation.UIAutomation.homepage.TC003_VerifyLoginWithDifferentRecords">
    <skipped/>
  </testcase> <!-- loginToApplication -->
  <testcase name="loginToApplication" time="0.001" classname="com.test.automation.UIAutomation.homepage.TC003_VerifyLoginWithDifferentRecords">
    <failure type="java.lang.NullPointerException">
      <![CDATA[java.lang.NullPointerException
	at com.test.automation.UIAutomation.homepage.TC003_VerifyLoginWithDifferentRecords.loginToApplication(TC003_VerifyLoginWithDifferentRecords.java:41)
... Removed 25 stack frames]]>
    </failure>
  </testcase> <!-- loginToApplication -->
  <testcase name="loginToApplication" time="0.001" classname="com.test.automation.UIAutomation.homepage.TC003_VerifyLoginWithDifferentRecords">
    <failure type="java.lang.NullPointerException">
      <![CDATA[java.lang.NullPointerException
	at com.test.automation.UIAutomation.homepage.TC003_VerifyLoginWithDifferentRecords.loginToApplication(TC003_VerifyLoginWithDifferentRecords.java:41)
... Removed 25 stack frames]]>
    </failure>
  </testcase> <!-- loginToApplication -->
  <testcase name="loginToApplication" time="0.005" classname="com.test.automation.UIAutomation.homepage.TC003_VerifyLoginWithDifferentRecords">
    <failure type="java.lang.NullPointerException">
      <![CDATA[java.lang.NullPointerException
	at com.test.automation.UIAutomation.homepage.TC003_VerifyLoginWithDifferentRecords.loginToApplication(TC003_VerifyLoginWithDifferentRecords.java:41)
... Removed 25 stack frames]]>
    </failure>
  </testcase> <!-- loginToApplication -->
  <testcase name="loginToApplication" time="0.001" classname="com.test.automation.UIAutomation.homepage.TC003_VerifyLoginWithDifferentRecords">
    <failure type="java.lang.NullPointerException">
      <![CDATA[java.lang.NullPointerException
	at com.test.automation.UIAutomation.homepage.TC003_VerifyLoginWithDifferentRecords.loginToApplication(TC003_VerifyLoginWithDifferentRecords.java:41)
... Removed 25 stack frames]]>
    </failure>
  </testcase> <!-- loginToApplication -->
  <testcase name="loginToApplication" time="0.002" classname="com.test.automation.UIAutomation.homepage.TC003_VerifyLoginWithDifferentRecords">
    <failure type="java.lang.NullPointerException">
      <![CDATA[java.lang.NullPointerException
	at com.test.automation.UIAutomation.homepage.TC003_VerifyLoginWithDifferentRecords.loginToApplication(TC003_VerifyLoginWithDifferentRecords.java:41)
... Removed 25 stack frames]]>
    </failure>
  </testcase> <!-- loginToApplication -->
  <testcase name="loginToApplication" time="0.001" classname="com.test.automation.UIAutomation.homepage.TC003_VerifyLoginWithDifferentRecords">
    <failure type="java.lang.NullPointerException">
      <![CDATA[java.lang.NullPointerException
	at com.test.automation.UIAutomation.homepage.TC003_VerifyLoginWithDifferentRecords.loginToApplication(TC003_VerifyLoginWithDifferentRecords.java:41)
... Removed 25 stack frames]]>
    </failure>
  </testcase> <!-- loginToApplication -->
  <testcase name="loginToApplication" time="0.001" classname="com.test.automation.UIAutomation.homepage.TC003_VerifyLoginWithDifferentRecords">
    <failure type="java.lang.NullPointerException">
      <![CDATA[java.lang.NullPointerException
	at com.test.automation.UIAutomation.homepage.TC003_VerifyLoginWithDifferentRecords.loginToApplication(TC003_VerifyLoginWithDifferentRecords.java:41)
... Removed 25 stack frames]]>
    </failure>
  </testcase> <!-- loginToApplication -->
  <testcase name="loginToApplication" time="0.001" classname="com.test.automation.UIAutomation.homepage.TC003_VerifyLoginWithDifferentRecords">
    <failure type="java.lang.NullPointerException">
      <![CDATA[java.lang.NullPointerException
	at com.test.automation.UIAutomation.homepage.TC003_VerifyLoginWithDifferentRecords.loginToApplication(TC003_VerifyLoginWithDifferentRecords.java:41)
... Removed 25 stack frames]]>
    </failure>
  </testcase> <!-- loginToApplication -->
  <testcase name="loginToApplication" time="0.001" classname="com.test.automation.UIAutomation.homepage.TC003_VerifyLoginWithDifferentRecords">
    <failure type="java.lang.NullPointerException">
      <![CDATA[java.lang.NullPointerException
	at com.test.automation.UIAutomation.homepage.TC003_VerifyLoginWithDifferentRecords.loginToApplication(TC003_VerifyLoginWithDifferentRecords.java:41)
... Removed 25 stack frames]]>
    </failure>
  </testcase> <!-- loginToApplication -->
</testsuite> <!-- TC003_VerifyLoginWithDifferentRecords -->
