<?xml version="1.0" encoding="UTF-8"?>
<testng-results skipped="0" failed="0" ignored="0" total="1" passed="1">
  <reporter-output>
  </reporter-output>
  <suite name="Default suite" duration-ms="24707" started-at="2017-08-29T15:02:54Z" finished-at="2017-08-29T15:03:18Z">
    <groups>
    </groups>
    <test name="Default test" duration-ms="24707" started-at="2017-08-29T15:02:54Z" finished-at="2017-08-29T15:03:18Z">
      <class name="com.softq.main.MainDriverScript">
        <test-method status="PASS" signature="setUp()[pri:0, instance:com.softq.main.MainDriverScript@7921b0a2]" name="setUp" is-config="true" duration-ms="20063" started-at="2017-08-29T20:32:54Z" finished-at="2017-08-29T20:33:14Z">
          <reporter-output>
          </reporter-output>
        </test-method> <!-- setUp -->
        <test-method status="PASS" signature="login()[pri:0, instance:com.softq.main.MainDriverScript@7921b0a2]" name="login" duration-ms="4615" started-at="2017-08-29T20:33:14Z" finished-at="2017-08-29T20:33:18Z">
          <reporter-output>
          </reporter-output>
        </test-method> <!-- login -->
        <test-method status="PASS" signature="killProcess()[pri:0, instance:com.softq.main.MainDriverScript@7921b0a2]" name="killProcess" is-config="true" duration-ms="0" started-at="2017-08-29T20:33:18Z" finished-at="2017-08-29T20:33:18Z">
          <reporter-output>
          </reporter-output>
        </test-method> <!-- killProcess -->
      </class> <!-- com.softq.main.MainDriverScript -->
    </test> <!-- Default test -->
  </suite> <!-- Default suite -->
</testng-results>
