<?xml version="1.0" encoding="UTF-8"?>
<testng-results skipped="5" failed="0" ignored="0" total="10" passed="5">
  <reporter-output>
  </reporter-output>
  <suite name="vmwareSuite" duration-ms="128124" started-at="2017-07-25T10:36:58Z" finished-at="2017-07-25T10:39:06Z">
    <groups>
    </groups>
    <test name="firefoxBrowserExecutions" duration-ms="95804" started-at="2017-07-25T10:36:58Z" finished-at="2017-07-25T10:38:34Z">
      <class name="com.softq.SingleDropdown">
        <test-method status="FAIL" signature="setup(java.lang.String)[pri:0, instance:com.softq.SingleDropdown@9629756]" name="setup" is-config="true" duration-ms="49302" started-at="2017-07-25T16:06:58Z" finished-at="2017-07-25T16:07:47Z">
          <params>
            <param index="0">
              <value>
                <![CDATA[firefox]]>
              </value>
            </param>
          </params>
          <exception class="org.openqa.selenium.WebDriverException">
            <message>
              <![CDATA[Failed to connect to binary FirefoxBinary(C:\Program Files (x86)\Mozilla Firefox\firefox.exe) on port 7055; process output follows: 
":true,"dependencies":[],"hasEmbeddedWebExtension":false,"mpcOptedOut":true,"userPermissions":null}
1500979033499	DeferredSave.extensions.json	DEBUG	Save changes
1500979033500	addons.xpi	DEBUG	Updating database with changes to installed add-ons
1500979033500	addons.xpi-utils	DEBUG	Updating add-on states
1500979033502	addons.xpi-utils	DEBUG	Writing add-ons list
1500979033508	addons.xpi	DEBUG	Registering manifest for C:\Program Files (x86)\Mozilla Firefox\browser\features\aushelper@mozilla.org.xpi
1500979033509	addons.xpi	DEBUG	Calling bootstrap method startup on aushelper@mozilla.org version 2.0
1500979033511	addons.xpi	DEBUG	Registering manifest for C:\Program Files (x86)\Mozilla Firefox\browser\features\e10srollout@mozilla.org.xpi
1500979033513	addons.xpi	DEBUG	Calling bootstrap method startup on e10srollout@mozilla.org version 1.50
1500979033513	addons.xpi	DEBUG	Registering manifest for C:\Program Files (x86)\Mozilla Firefox\browser\features\firefox@getpocket.com.xpi
1500979033515	addons.xpi	DEBUG	Calling bootstrap method startup on firefox@getpocket.com version 1.0.5
1500979033516	addons.xpi	DEBUG	Registering manifest for C:\Program Files (x86)\Mozilla Firefox\browser\features\screenshots@mozilla.org.xpi
1500979033516	addons.xpi	DEBUG	Calling bootstrap method startup on screenshots@mozilla.org version 6.6.0
1500979033517	addons.xpi	DEBUG	Registering manifest for C:\Program Files (x86)\Mozilla Firefox\browser\features\webcompat@mozilla.org.xpi
1500979033518	addons.xpi	DEBUG	Calling bootstrap method startup on webcompat@mozilla.org version 1.1
1500979033523	addons.manager	DEBUG	Registering shutdown blocker for XPIProvider
1500979033523	addons.manager	DEBUG	Provider finished startup: XPIProvider
1500979033524	addons.manager	DEBUG	Starting provider: LightweightThemeManager
1500979033524	addons.manager	DEBUG	Registering shutdown blocker for LightweightThemeManager
1500979033524	addons.manager	DEBUG	Provider finished startup: LightweightThemeManager
1500979033524	addons.manager	DEBUG	Starting provider: GMPProvider
1500979033534	addons.manager	DEBUG	Registering shutdown blocker for GMPProvider
1500979033534	addons.manager	DEBUG	Provider finished startup: GMPProvider
1500979033534	addons.manager	DEBUG	Starting provider: PluginProvider
1500979033535	addons.manager	DEBUG	Registering shutdown blocker for PluginProvider
1500979033535	addons.manager	DEBUG	Provider finished startup: PluginProvider
1500979033536	addons.manager	DEBUG	Completed startup sequence
[GFX1]: Potential driver version mismatch ignored due to missing DLLs igd10umd32 v= and igd10iumd32.dll v=0.0.0.0
1500979039974	addons.manager	DEBUG	Starting provider: <unnamed-provider>
1500979039974	addons.manager	DEBUG	Registering shutdown blocker for <unnamed-provider>
1500979039976	addons.manager	DEBUG	Provider finished startup: <unnamed-provider>
1500979040040	DeferredSave.extensions.json	DEBUG	Write succeeded
1500979040040	addons.xpi-utils	DEBUG	XPI Database saved, setting schema version preference to 19
1500979040040	DeferredSave.extensions.json	DEBUG	Starting timer
1500979040113	DeferredSave.extensions.json	DEBUG	Starting write
1500979043851	addons.repository	DEBUG	No addons.json found.
1500979043853	DeferredSave.addons.json	DEBUG	Save changes
1500979043894	DeferredSave.addons.json	DEBUG	Starting timer
1500979044269	addons.manager	DEBUG	Starting provider: PreviousExperimentProvider
1500979044269	addons.manager	DEBUG	Registering shutdown blocker for PreviousExperimentProvider
1500979044269	addons.manager	DEBUG	Provider finished startup: PreviousExperimentProvider
1500979044273	DeferredSave.addons.json	DEBUG	Starting write
1500979044282	DeferredSave.extensions.json	DEBUG	Write succeeded
1500979044492	DeferredSave.addons.json	DEBUG	Write succeeded
Crash Annotation GraphicsCriticalError: |[C0][GFX1]: Potential driver version mismatch ignored due to missing DLLs igd10umd32 v= and igd10iumd32.dll v=0.0.0.0 (t=12.5766) [GFX1]: Potential driver version mismatch ignored due to missing DLLs igd10umd32 v= and igd10iumd32.dll v=0.0.0.0

Build info: version: '2.53.1', revision: 'a36b8b1', time: '2016-06-30 17:37:03'
System info: host: 'DESKTOP-5BHJEAE', ip: '192.168.1.26', os.name: 'Windows 10', os.arch: 'amd64', os.version: '10.0', java.version: '1.8.0_111'
Driver info: driver.version: FirefoxDriver]]>
            </message>
            <full-stacktrace>
              <![CDATA[org.openqa.selenium.WebDriverException: Failed to connect to binary FirefoxBinary(C:\Program Files (x86)\Mozilla Firefox\firefox.exe) on port 7055; process output follows: 
":true,"dependencies":[],"hasEmbeddedWebExtension":false,"mpcOptedOut":true,"userPermissions":null}
1500979033499	DeferredSave.extensions.json	DEBUG	Save changes
1500979033500	addons.xpi	DEBUG	Updating database with changes to installed add-ons
1500979033500	addons.xpi-utils	DEBUG	Updating add-on states
1500979033502	addons.xpi-utils	DEBUG	Writing add-ons list
1500979033508	addons.xpi	DEBUG	Registering manifest for C:\Program Files (x86)\Mozilla Firefox\browser\features\aushelper@mozilla.org.xpi
1500979033509	addons.xpi	DEBUG	Calling bootstrap method startup on aushelper@mozilla.org version 2.0
1500979033511	addons.xpi	DEBUG	Registering manifest for C:\Program Files (x86)\Mozilla Firefox\browser\features\e10srollout@mozilla.org.xpi
1500979033513	addons.xpi	DEBUG	Calling bootstrap method startup on e10srollout@mozilla.org version 1.50
1500979033513	addons.xpi	DEBUG	Registering manifest for C:\Program Files (x86)\Mozilla Firefox\browser\features\firefox@getpocket.com.xpi
1500979033515	addons.xpi	DEBUG	Calling bootstrap method startup on firefox@getpocket.com version 1.0.5
1500979033516	addons.xpi	DEBUG	Registering manifest for C:\Program Files (x86)\Mozilla Firefox\browser\features\screenshots@mozilla.org.xpi
1500979033516	addons.xpi	DEBUG	Calling bootstrap method startup on screenshots@mozilla.org version 6.6.0
1500979033517	addons.xpi	DEBUG	Registering manifest for C:\Program Files (x86)\Mozilla Firefox\browser\features\webcompat@mozilla.org.xpi
1500979033518	addons.xpi	DEBUG	Calling bootstrap method startup on webcompat@mozilla.org version 1.1
1500979033523	addons.manager	DEBUG	Registering shutdown blocker for XPIProvider
1500979033523	addons.manager	DEBUG	Provider finished startup: XPIProvider
1500979033524	addons.manager	DEBUG	Starting provider: LightweightThemeManager
1500979033524	addons.manager	DEBUG	Registering shutdown blocker for LightweightThemeManager
1500979033524	addons.manager	DEBUG	Provider finished startup: LightweightThemeManager
1500979033524	addons.manager	DEBUG	Starting provider: GMPProvider
1500979033534	addons.manager	DEBUG	Registering shutdown blocker for GMPProvider
1500979033534	addons.manager	DEBUG	Provider finished startup: GMPProvider
1500979033534	addons.manager	DEBUG	Starting provider: PluginProvider
1500979033535	addons.manager	DEBUG	Registering shutdown blocker for PluginProvider
1500979033535	addons.manager	DEBUG	Provider finished startup: PluginProvider
1500979033536	addons.manager	DEBUG	Completed startup sequence
[GFX1]: Potential driver version mismatch ignored due to missing DLLs igd10umd32 v= and igd10iumd32.dll v=0.0.0.0
1500979039974	addons.manager	DEBUG	Starting provider: <unnamed-provider>
1500979039974	addons.manager	DEBUG	Registering shutdown blocker for <unnamed-provider>
1500979039976	addons.manager	DEBUG	Provider finished startup: <unnamed-provider>
1500979040040	DeferredSave.extensions.json	DEBUG	Write succeeded
1500979040040	addons.xpi-utils	DEBUG	XPI Database saved, setting schema version preference to 19
1500979040040	DeferredSave.extensions.json	DEBUG	Starting timer
1500979040113	DeferredSave.extensions.json	DEBUG	Starting write
1500979043851	addons.repository	DEBUG	No addons.json found.
1500979043853	DeferredSave.addons.json	DEBUG	Save changes
1500979043894	DeferredSave.addons.json	DEBUG	Starting timer
1500979044269	addons.manager	DEBUG	Starting provider: PreviousExperimentProvider
1500979044269	addons.manager	DEBUG	Registering shutdown blocker for PreviousExperimentProvider
1500979044269	addons.manager	DEBUG	Provider finished startup: PreviousExperimentProvider
1500979044273	DeferredSave.addons.json	DEBUG	Starting write
1500979044282	DeferredSave.extensions.json	DEBUG	Write succeeded
1500979044492	DeferredSave.addons.json	DEBUG	Write succeeded
Crash Annotation GraphicsCriticalError: |[C0][GFX1]: Potential driver version mismatch ignored due to missing DLLs igd10umd32 v= and igd10iumd32.dll v=0.0.0.0 (t=12.5766) [GFX1]: Potential driver version mismatch ignored due to missing DLLs igd10umd32 v= and igd10iumd32.dll v=0.0.0.0

Build info: version: '2.53.1', revision: 'a36b8b1', time: '2016-06-30 17:37:03'
System info: host: 'DESKTOP-5BHJEAE', ip: '192.168.1.26', os.name: 'Windows 10', os.arch: 'amd64', os.version: '10.0', java.version: '1.8.0_111'
Driver info: driver.version: FirefoxDriver
	at org.openqa.selenium.firefox.internal.NewProfileExtensionConnection.start(NewProfileExtensionConnection.java:124)
	at org.openqa.selenium.firefox.FirefoxDriver.startClient(FirefoxDriver.java:271)
	at org.openqa.selenium.remote.RemoteWebDriver.<init>(RemoteWebDriver.java:119)
	at org.openqa.selenium.firefox.FirefoxDriver.<init>(FirefoxDriver.java:218)
	at org.openqa.selenium.firefox.FirefoxDriver.<init>(FirefoxDriver.java:211)
	at org.openqa.selenium.firefox.FirefoxDriver.<init>(FirefoxDriver.java:207)
	at org.openqa.selenium.firefox.FirefoxDriver.<init>(FirefoxDriver.java:120)
	at com.softq.SingleDropdown.setup(SingleDropdown.java:31)
	at sun.reflect.NativeMethodAccessorImpl.invoke0(Native Method)
	at sun.reflect.NativeMethodAccessorImpl.invoke(Unknown Source)
	at sun.reflect.DelegatingMethodAccessorImpl.invoke(Unknown Source)
	at java.lang.reflect.Method.invoke(Unknown Source)
	at org.testng.internal.MethodInvocationHelper.invokeMethod(MethodInvocationHelper.java:108)
	at org.testng.internal.Invoker.invokeConfigurationMethod(Invoker.java:523)
	at org.testng.internal.Invoker.invokeConfigurations(Invoker.java:224)
	at org.testng.internal.Invoker.invokeMethod(Invoker.java:599)
	at org.testng.internal.Invoker.invokeTestMethod(Invoker.java:869)
	at org.testng.internal.Invoker.invokeTestMethods(Invoker.java:1193)
	at org.testng.internal.TestMethodWorker.invokeTestMethods(TestMethodWorker.java:126)
	at org.testng.internal.TestMethodWorker.run(TestMethodWorker.java:109)
	at org.testng.TestRunner.privateRun(TestRunner.java:744)
	at org.testng.TestRunner.run(TestRunner.java:602)
	at org.testng.SuiteRunner.runTest(SuiteRunner.java:380)
	at org.testng.SuiteRunner.access$000(SuiteRunner.java:39)
	at org.testng.SuiteRunner$SuiteWorker.run(SuiteRunner.java:414)
	at org.testng.internal.thread.ThreadUtil$1.call(ThreadUtil.java:52)
	at java.util.concurrent.FutureTask.run(Unknown Source)
	at java.util.concurrent.ThreadPoolExecutor.runWorker(Unknown Source)
	at java.util.concurrent.ThreadPoolExecutor$Worker.run(Unknown Source)
	at java.lang.Thread.run(Unknown Source)
Caused by: org.openqa.selenium.firefox.NotConnectedException: Unable to connect to host 127.0.0.1 on port 7055 after 45000 ms. Firefox console output:
":true,"dependencies":[],"hasEmbeddedWebExtension":false,"mpcOptedOut":true,"userPermissions":null}
1500979033499	DeferredSave.extensions.json	DEBUG	Save changes
1500979033500	addons.xpi	DEBUG	Updating database with changes to installed add-ons
1500979033500	addons.xpi-utils	DEBUG	Updating add-on states
1500979033502	addons.xpi-utils	DEBUG	Writing add-ons list
1500979033508	addons.xpi	DEBUG	Registering manifest for C:\Program Files (x86)\Mozilla Firefox\browser\features\aushelper@mozilla.org.xpi
1500979033509	addons.xpi	DEBUG	Calling bootstrap method startup on aushelper@mozilla.org version 2.0
1500979033511	addons.xpi	DEBUG	Registering manifest for C:\Program Files (x86)\Mozilla Firefox\browser\features\e10srollout@mozilla.org.xpi
1500979033513	addons.xpi	DEBUG	Calling bootstrap method startup on e10srollout@mozilla.org version 1.50
1500979033513	addons.xpi	DEBUG	Registering manifest for C:\Program Files (x86)\Mozilla Firefox\browser\features\firefox@getpocket.com.xpi
1500979033515	addons.xpi	DEBUG	Calling bootstrap method startup on firefox@getpocket.com version 1.0.5
1500979033516	addons.xpi	DEBUG	Registering manifest for C:\Program Files (x86)\Mozilla Firefox\browser\features\screenshots@mozilla.org.xpi
1500979033516	addons.xpi	DEBUG	Calling bootstrap method startup on screenshots@mozilla.org version 6.6.0
1500979033517	addons.xpi	DEBUG	Registering manifest for C:\Program Files (x86)\Mozilla Firefox\browser\features\webcompat@mozilla.org.xpi
1500979033518	addons.xpi	DEBUG	Calling bootstrap method startup on webcompat@mozilla.org version 1.1
1500979033523	addons.manager	DEBUG	Registering shutdown blocker for XPIProvider
1500979033523	addons.manager	DEBUG	Provider finished startup: XPIProvider
1500979033524	addons.manager	DEBUG	Starting provider: LightweightThemeManager
1500979033524	addons.manager	DEBUG	Registering shutdown blocker for LightweightThemeManager
1500979033524	addons.manager	DEBUG	Provider finished startup: LightweightThemeManager
1500979033524	addons.manager	DEBUG	Starting provider: GMPProvider
1500979033534	addons.manager	DEBUG	Registering shutdown blocker for GMPProvider
1500979033534	addons.manager	DEBUG	Provider finished startup: GMPProvider
1500979033534	addons.manager	DEBUG	Starting provider: PluginProvider
1500979033535	addons.manager	DEBUG	Registering shutdown blocker for PluginProvider
1500979033535	addons.manager	DEBUG	Provider finished startup: PluginProvider
1500979033536	addons.manager	DEBUG	Completed startup sequence
[GFX1]: Potential driver version mismatch ignored due to missing DLLs igd10umd32 v= and igd10iumd32.dll v=0.0.0.0
1500979039974	addons.manager	DEBUG	Starting provider: <unnamed-provider>
1500979039974	addons.manager	DEBUG	Registering shutdown blocker for <unnamed-provider>
1500979039976	addons.manager	DEBUG	Provider finished startup: <unnamed-provider>
1500979040040	DeferredSave.extensions.json	DEBUG	Write succeeded
1500979040040	addons.xpi-utils	DEBUG	XPI Database saved, setting schema version preference to 19
1500979040040	DeferredSave.extensions.json	DEBUG	Starting timer
1500979040113	DeferredSave.extensions.json	DEBUG	Starting write
1500979043851	addons.repository	DEBUG	No addons.json found.
1500979043853	DeferredSave.addons.json	DEBUG	Save changes
1500979043894	DeferredSave.addons.json	DEBUG	Starting timer
1500979044269	addons.manager	DEBUG	Starting provider: PreviousExperimentProvider
1500979044269	addons.manager	DEBUG	Registering shutdown blocker for PreviousExperimentProvider
1500979044269	addons.manager	DEBUG	Provider finished startup: PreviousExperimentProvider
1500979044273	DeferredSave.addons.json	DEBUG	Starting write
1500979044282	DeferredSave.extensions.json	DEBUG	Write succeeded
1500979044492	DeferredSave.addons.json	DEBUG	Write succeeded
Crash Annotation GraphicsCriticalError: |[C0][GFX1]: Potential driver version mismatch ignored due to missing DLLs igd10umd32 v= and igd10iumd32.dll v=0.0.0.0 (t=12.5766) [GFX1]: Potential driver version mismatch ignored due to missing DLLs igd10umd32 v= and igd10iumd32.dll v=0.0.0.0

	at org.openqa.selenium.firefox.internal.NewProfileExtensionConnection.start(NewProfileExtensionConnection.java:112)
	... 29 more
]]>
            </full-stacktrace>
          </exception> <!-- org.openqa.selenium.WebDriverException -->
          <reporter-output>
          </reporter-output>
        </test-method> <!-- setup -->
        <test-method status="SKIP" signature="singleDropDown()[pri:0, instance:com.softq.SingleDropdown@9629756]" name="singleDropDown" duration-ms="0" started-at="2017-07-25T16:07:47Z" finished-at="2017-07-25T16:07:47Z">
          <exception class="org.openqa.selenium.WebDriverException">
            <message>
              <![CDATA[Failed to connect to binary FirefoxBinary(C:\Program Files (x86)\Mozilla Firefox\firefox.exe) on port 7055; process output follows: 
":true,"dependencies":[],"hasEmbeddedWebExtension":false,"mpcOptedOut":true,"userPermissions":null}
1500979033499	DeferredSave.extensions.json	DEBUG	Save changes
1500979033500	addons.xpi	DEBUG	Updating database with changes to installed add-ons
1500979033500	addons.xpi-utils	DEBUG	Updating add-on states
1500979033502	addons.xpi-utils	DEBUG	Writing add-ons list
1500979033508	addons.xpi	DEBUG	Registering manifest for C:\Program Files (x86)\Mozilla Firefox\browser\features\aushelper@mozilla.org.xpi
1500979033509	addons.xpi	DEBUG	Calling bootstrap method startup on aushelper@mozilla.org version 2.0
1500979033511	addons.xpi	DEBUG	Registering manifest for C:\Program Files (x86)\Mozilla Firefox\browser\features\e10srollout@mozilla.org.xpi
1500979033513	addons.xpi	DEBUG	Calling bootstrap method startup on e10srollout@mozilla.org version 1.50
1500979033513	addons.xpi	DEBUG	Registering manifest for C:\Program Files (x86)\Mozilla Firefox\browser\features\firefox@getpocket.com.xpi
1500979033515	addons.xpi	DEBUG	Calling bootstrap method startup on firefox@getpocket.com version 1.0.5
1500979033516	addons.xpi	DEBUG	Registering manifest for C:\Program Files (x86)\Mozilla Firefox\browser\features\screenshots@mozilla.org.xpi
1500979033516	addons.xpi	DEBUG	Calling bootstrap method startup on screenshots@mozilla.org version 6.6.0
1500979033517	addons.xpi	DEBUG	Registering manifest for C:\Program Files (x86)\Mozilla Firefox\browser\features\webcompat@mozilla.org.xpi
1500979033518	addons.xpi	DEBUG	Calling bootstrap method startup on webcompat@mozilla.org version 1.1
1500979033523	addons.manager	DEBUG	Registering shutdown blocker for XPIProvider
1500979033523	addons.manager	DEBUG	Provider finished startup: XPIProvider
1500979033524	addons.manager	DEBUG	Starting provider: LightweightThemeManager
1500979033524	addons.manager	DEBUG	Registering shutdown blocker for LightweightThemeManager
1500979033524	addons.manager	DEBUG	Provider finished startup: LightweightThemeManager
1500979033524	addons.manager	DEBUG	Starting provider: GMPProvider
1500979033534	addons.manager	DEBUG	Registering shutdown blocker for GMPProvider
1500979033534	addons.manager	DEBUG	Provider finished startup: GMPProvider
1500979033534	addons.manager	DEBUG	Starting provider: PluginProvider
1500979033535	addons.manager	DEBUG	Registering shutdown blocker for PluginProvider
1500979033535	addons.manager	DEBUG	Provider finished startup: PluginProvider
1500979033536	addons.manager	DEBUG	Completed startup sequence
[GFX1]: Potential driver version mismatch ignored due to missing DLLs igd10umd32 v= and igd10iumd32.dll v=0.0.0.0
1500979039974	addons.manager	DEBUG	Starting provider: <unnamed-provider>
1500979039974	addons.manager	DEBUG	Registering shutdown blocker for <unnamed-provider>
1500979039976	addons.manager	DEBUG	Provider finished startup: <unnamed-provider>
1500979040040	DeferredSave.extensions.json	DEBUG	Write succeeded
1500979040040	addons.xpi-utils	DEBUG	XPI Database saved, setting schema version preference to 19
1500979040040	DeferredSave.extensions.json	DEBUG	Starting timer
1500979040113	DeferredSave.extensions.json	DEBUG	Starting write
1500979043851	addons.repository	DEBUG	No addons.json found.
1500979043853	DeferredSave.addons.json	DEBUG	Save changes
1500979043894	DeferredSave.addons.json	DEBUG	Starting timer
1500979044269	addons.manager	DEBUG	Starting provider: PreviousExperimentProvider
1500979044269	addons.manager	DEBUG	Registering shutdown blocker for PreviousExperimentProvider
1500979044269	addons.manager	DEBUG	Provider finished startup: PreviousExperimentProvider
1500979044273	DeferredSave.addons.json	DEBUG	Starting write
1500979044282	DeferredSave.extensions.json	DEBUG	Write succeeded
1500979044492	DeferredSave.addons.json	DEBUG	Write succeeded
Crash Annotation GraphicsCriticalError: |[C0][GFX1]: Potential driver version mismatch ignored due to missing DLLs igd10umd32 v= and igd10iumd32.dll v=0.0.0.0 (t=12.5766) [GFX1]: Potential driver version mismatch ignored due to missing DLLs igd10umd32 v= and igd10iumd32.dll v=0.0.0.0

Build info: version: '2.53.1', revision: 'a36b8b1', time: '2016-06-30 17:37:03'
System info: host: 'DESKTOP-5BHJEAE', ip: '192.168.1.26', os.name: 'Windows 10', os.arch: 'amd64', os.version: '10.0', java.version: '1.8.0_111'
Driver info: driver.version: FirefoxDriver]]>
            </message>
            <full-stacktrace>
              <![CDATA[org.openqa.selenium.WebDriverException: Failed to connect to binary FirefoxBinary(C:\Program Files (x86)\Mozilla Firefox\firefox.exe) on port 7055; process output follows: 
":true,"dependencies":[],"hasEmbeddedWebExtension":false,"mpcOptedOut":true,"userPermissions":null}
1500979033499	DeferredSave.extensions.json	DEBUG	Save changes
1500979033500	addons.xpi	DEBUG	Updating database with changes to installed add-ons
1500979033500	addons.xpi-utils	DEBUG	Updating add-on states
1500979033502	addons.xpi-utils	DEBUG	Writing add-ons list
1500979033508	addons.xpi	DEBUG	Registering manifest for C:\Program Files (x86)\Mozilla Firefox\browser\features\aushelper@mozilla.org.xpi
1500979033509	addons.xpi	DEBUG	Calling bootstrap method startup on aushelper@mozilla.org version 2.0
1500979033511	addons.xpi	DEBUG	Registering manifest for C:\Program Files (x86)\Mozilla Firefox\browser\features\e10srollout@mozilla.org.xpi
1500979033513	addons.xpi	DEBUG	Calling bootstrap method startup on e10srollout@mozilla.org version 1.50
1500979033513	addons.xpi	DEBUG	Registering manifest for C:\Program Files (x86)\Mozilla Firefox\browser\features\firefox@getpocket.com.xpi
1500979033515	addons.xpi	DEBUG	Calling bootstrap method startup on firefox@getpocket.com version 1.0.5
1500979033516	addons.xpi	DEBUG	Registering manifest for C:\Program Files (x86)\Mozilla Firefox\browser\features\screenshots@mozilla.org.xpi
1500979033516	addons.xpi	DEBUG	Calling bootstrap method startup on screenshots@mozilla.org version 6.6.0
1500979033517	addons.xpi	DEBUG	Registering manifest for C:\Program Files (x86)\Mozilla Firefox\browser\features\webcompat@mozilla.org.xpi
1500979033518	addons.xpi	DEBUG	Calling bootstrap method startup on webcompat@mozilla.org version 1.1
1500979033523	addons.manager	DEBUG	Registering shutdown blocker for XPIProvider
1500979033523	addons.manager	DEBUG	Provider finished startup: XPIProvider
1500979033524	addons.manager	DEBUG	Starting provider: LightweightThemeManager
1500979033524	addons.manager	DEBUG	Registering shutdown blocker for LightweightThemeManager
1500979033524	addons.manager	DEBUG	Provider finished startup: LightweightThemeManager
1500979033524	addons.manager	DEBUG	Starting provider: GMPProvider
1500979033534	addons.manager	DEBUG	Registering shutdown blocker for GMPProvider
1500979033534	addons.manager	DEBUG	Provider finished startup: GMPProvider
1500979033534	addons.manager	DEBUG	Starting provider: PluginProvider
1500979033535	addons.manager	DEBUG	Registering shutdown blocker for PluginProvider
1500979033535	addons.manager	DEBUG	Provider finished startup: PluginProvider
1500979033536	addons.manager	DEBUG	Completed startup sequence
[GFX1]: Potential driver version mismatch ignored due to missing DLLs igd10umd32 v= and igd10iumd32.dll v=0.0.0.0
1500979039974	addons.manager	DEBUG	Starting provider: <unnamed-provider>
1500979039974	addons.manager	DEBUG	Registering shutdown blocker for <unnamed-provider>
1500979039976	addons.manager	DEBUG	Provider finished startup: <unnamed-provider>
1500979040040	DeferredSave.extensions.json	DEBUG	Write succeeded
1500979040040	addons.xpi-utils	DEBUG	XPI Database saved, setting schema version preference to 19
1500979040040	DeferredSave.extensions.json	DEBUG	Starting timer
1500979040113	DeferredSave.extensions.json	DEBUG	Starting write
1500979043851	addons.repository	DEBUG	No addons.json found.
1500979043853	DeferredSave.addons.json	DEBUG	Save changes
1500979043894	DeferredSave.addons.json	DEBUG	Starting timer
1500979044269	addons.manager	DEBUG	Starting provider: PreviousExperimentProvider
1500979044269	addons.manager	DEBUG	Registering shutdown blocker for PreviousExperimentProvider
1500979044269	addons.manager	DEBUG	Provider finished startup: PreviousExperimentProvider
1500979044273	DeferredSave.addons.json	DEBUG	Starting write
1500979044282	DeferredSave.extensions.json	DEBUG	Write succeeded
1500979044492	DeferredSave.addons.json	DEBUG	Write succeeded
Crash Annotation GraphicsCriticalError: |[C0][GFX1]: Potential driver version mismatch ignored due to missing DLLs igd10umd32 v= and igd10iumd32.dll v=0.0.0.0 (t=12.5766) [GFX1]: Potential driver version mismatch ignored due to missing DLLs igd10umd32 v= and igd10iumd32.dll v=0.0.0.0

Build info: version: '2.53.1', revision: 'a36b8b1', time: '2016-06-30 17:37:03'
System info: host: 'DESKTOP-5BHJEAE', ip: '192.168.1.26', os.name: 'Windows 10', os.arch: 'amd64', os.version: '10.0', java.version: '1.8.0_111'
Driver info: driver.version: FirefoxDriver
	at org.openqa.selenium.firefox.internal.NewProfileExtensionConnection.start(NewProfileExtensionConnection.java:124)
	at org.openqa.selenium.firefox.FirefoxDriver.startClient(FirefoxDriver.java:271)
	at org.openqa.selenium.remote.RemoteWebDriver.<init>(RemoteWebDriver.java:119)
	at org.openqa.selenium.firefox.FirefoxDriver.<init>(FirefoxDriver.java:218)
	at org.openqa.selenium.firefox.FirefoxDriver.<init>(FirefoxDriver.java:211)
	at org.openqa.selenium.firefox.FirefoxDriver.<init>(FirefoxDriver.java:207)
	at org.openqa.selenium.firefox.FirefoxDriver.<init>(FirefoxDriver.java:120)
	at com.softq.SingleDropdown.setup(SingleDropdown.java:31)
	at sun.reflect.NativeMethodAccessorImpl.invoke0(Native Method)
	at sun.reflect.NativeMethodAccessorImpl.invoke(Unknown Source)
	at sun.reflect.DelegatingMethodAccessorImpl.invoke(Unknown Source)
	at java.lang.reflect.Method.invoke(Unknown Source)
	at org.testng.internal.MethodInvocationHelper.invokeMethod(MethodInvocationHelper.java:108)
	at org.testng.internal.Invoker.invokeConfigurationMethod(Invoker.java:523)
	at org.testng.internal.Invoker.invokeConfigurations(Invoker.java:224)
	at org.testng.internal.Invoker.invokeMethod(Invoker.java:599)
	at org.testng.internal.Invoker.invokeTestMethod(Invoker.java:869)
	at org.testng.internal.Invoker.invokeTestMethods(Invoker.java:1193)
	at org.testng.internal.TestMethodWorker.invokeTestMethods(TestMethodWorker.java:126)
	at org.testng.internal.TestMethodWorker.run(TestMethodWorker.java:109)
	at org.testng.TestRunner.privateRun(TestRunner.java:744)
	at org.testng.TestRunner.run(TestRunner.java:602)
	at org.testng.SuiteRunner.runTest(SuiteRunner.java:380)
	at org.testng.SuiteRunner.access$000(SuiteRunner.java:39)
	at org.testng.SuiteRunner$SuiteWorker.run(SuiteRunner.java:414)
	at org.testng.internal.thread.ThreadUtil$1.call(ThreadUtil.java:52)
	at java.util.concurrent.FutureTask.run(Unknown Source)
	at java.util.concurrent.ThreadPoolExecutor.runWorker(Unknown Source)
	at java.util.concurrent.ThreadPoolExecutor$Worker.run(Unknown Source)
	at java.lang.Thread.run(Unknown Source)
Caused by: org.openqa.selenium.firefox.NotConnectedException: Unable to connect to host 127.0.0.1 on port 7055 after 45000 ms. Firefox console output:
":true,"dependencies":[],"hasEmbeddedWebExtension":false,"mpcOptedOut":true,"userPermissions":null}
1500979033499	DeferredSave.extensions.json	DEBUG	Save changes
1500979033500	addons.xpi	DEBUG	Updating database with changes to installed add-ons
1500979033500	addons.xpi-utils	DEBUG	Updating add-on states
1500979033502	addons.xpi-utils	DEBUG	Writing add-ons list
1500979033508	addons.xpi	DEBUG	Registering manifest for C:\Program Files (x86)\Mozilla Firefox\browser\features\aushelper@mozilla.org.xpi
1500979033509	addons.xpi	DEBUG	Calling bootstrap method startup on aushelper@mozilla.org version 2.0
1500979033511	addons.xpi	DEBUG	Registering manifest for C:\Program Files (x86)\Mozilla Firefox\browser\features\e10srollout@mozilla.org.xpi
1500979033513	addons.xpi	DEBUG	Calling bootstrap method startup on e10srollout@mozilla.org version 1.50
1500979033513	addons.xpi	DEBUG	Registering manifest for C:\Program Files (x86)\Mozilla Firefox\browser\features\firefox@getpocket.com.xpi
1500979033515	addons.xpi	DEBUG	Calling bootstrap method startup on firefox@getpocket.com version 1.0.5
1500979033516	addons.xpi	DEBUG	Registering manifest for C:\Program Files (x86)\Mozilla Firefox\browser\features\screenshots@mozilla.org.xpi
1500979033516	addons.xpi	DEBUG	Calling bootstrap method startup on screenshots@mozilla.org version 6.6.0
1500979033517	addons.xpi	DEBUG	Registering manifest for C:\Program Files (x86)\Mozilla Firefox\browser\features\webcompat@mozilla.org.xpi
1500979033518	addons.xpi	DEBUG	Calling bootstrap method startup on webcompat@mozilla.org version 1.1
1500979033523	addons.manager	DEBUG	Registering shutdown blocker for XPIProvider
1500979033523	addons.manager	DEBUG	Provider finished startup: XPIProvider
1500979033524	addons.manager	DEBUG	Starting provider: LightweightThemeManager
1500979033524	addons.manager	DEBUG	Registering shutdown blocker for LightweightThemeManager
1500979033524	addons.manager	DEBUG	Provider finished startup: LightweightThemeManager
1500979033524	addons.manager	DEBUG	Starting provider: GMPProvider
1500979033534	addons.manager	DEBUG	Registering shutdown blocker for GMPProvider
1500979033534	addons.manager	DEBUG	Provider finished startup: GMPProvider
1500979033534	addons.manager	DEBUG	Starting provider: PluginProvider
1500979033535	addons.manager	DEBUG	Registering shutdown blocker for PluginProvider
1500979033535	addons.manager	DEBUG	Provider finished startup: PluginProvider
1500979033536	addons.manager	DEBUG	Completed startup sequence
[GFX1]: Potential driver version mismatch ignored due to missing DLLs igd10umd32 v= and igd10iumd32.dll v=0.0.0.0
1500979039974	addons.manager	DEBUG	Starting provider: <unnamed-provider>
1500979039974	addons.manager	DEBUG	Registering shutdown blocker for <unnamed-provider>
1500979039976	addons.manager	DEBUG	Provider finished startup: <unnamed-provider>
1500979040040	DeferredSave.extensions.json	DEBUG	Write succeeded
1500979040040	addons.xpi-utils	DEBUG	XPI Database saved, setting schema version preference to 19
1500979040040	DeferredSave.extensions.json	DEBUG	Starting timer
1500979040113	DeferredSave.extensions.json	DEBUG	Starting write
1500979043851	addons.repository	DEBUG	No addons.json found.
1500979043853	DeferredSave.addons.json	DEBUG	Save changes
1500979043894	DeferredSave.addons.json	DEBUG	Starting timer
1500979044269	addons.manager	DEBUG	Starting provider: PreviousExperimentProvider
1500979044269	addons.manager	DEBUG	Registering shutdown blocker for PreviousExperimentProvider
1500979044269	addons.manager	DEBUG	Provider finished startup: PreviousExperimentProvider
1500979044273	DeferredSave.addons.json	DEBUG	Starting write
1500979044282	DeferredSave.extensions.json	DEBUG	Write succeeded
1500979044492	DeferredSave.addons.json	DEBUG	Write succeeded
Crash Annotation GraphicsCriticalError: |[C0][GFX1]: Potential driver version mismatch ignored due to missing DLLs igd10umd32 v= and igd10iumd32.dll v=0.0.0.0 (t=12.5766) [GFX1]: Potential driver version mismatch ignored due to missing DLLs igd10umd32 v= and igd10iumd32.dll v=0.0.0.0

	at org.openqa.selenium.firefox.internal.NewProfileExtensionConnection.start(NewProfileExtensionConnection.java:112)
	... 29 more
]]>
            </full-stacktrace>
          </exception> <!-- org.openqa.selenium.WebDriverException -->
          <reporter-output>
          </reporter-output>
        </test-method> <!-- singleDropDown -->
      </class> <!-- com.softq.SingleDropdown -->
      <class name="com.softq.MouseOperations">
        <test-method status="FAIL" signature="setup(java.lang.String)[pri:0, instance:com.softq.MouseOperations@62ee68d8]" name="setup" is-config="true" duration-ms="46243" started-at="2017-07-25T16:07:47Z" finished-at="2017-07-25T16:08:34Z">
          <params>
            <param index="0">
              <value>
                <![CDATA[firefox]]>
              </value>
            </param>
          </params>
          <exception class="org.openqa.selenium.WebDriverException">
            <message>
              <![CDATA[Failed to connect to binary FirefoxBinary(C:\Program Files (x86)\Mozilla Firefox\firefox.exe) on port 7055; process output follows: 
n":true,"dependencies":[],"hasEmbeddedWebExtension":false,"mpcOptedOut":true,"userPermissions":null}
1500979077190	DeferredSave.extensions.json	DEBUG	Save changes
1500979077190	addons.xpi	DEBUG	Updating database with changes to installed add-ons
1500979077191	addons.xpi-utils	DEBUG	Updating add-on states
1500979077193	addons.xpi-utils	DEBUG	Writing add-ons list
1500979077198	addons.xpi	DEBUG	Registering manifest for C:\Program Files (x86)\Mozilla Firefox\browser\features\aushelper@mozilla.org.xpi
1500979077199	addons.xpi	DEBUG	Calling bootstrap method startup on aushelper@mozilla.org version 2.0
1500979077200	addons.xpi	DEBUG	Registering manifest for C:\Program Files (x86)\Mozilla Firefox\browser\features\e10srollout@mozilla.org.xpi
1500979077201	addons.xpi	DEBUG	Calling bootstrap method startup on e10srollout@mozilla.org version 1.50
1500979077202	addons.xpi	DEBUG	Registering manifest for C:\Program Files (x86)\Mozilla Firefox\browser\features\firefox@getpocket.com.xpi
1500979077203	addons.xpi	DEBUG	Calling bootstrap method startup on firefox@getpocket.com version 1.0.5
1500979077204	addons.xpi	DEBUG	Registering manifest for C:\Program Files (x86)\Mozilla Firefox\browser\features\screenshots@mozilla.org.xpi
1500979077205	addons.xpi	DEBUG	Calling bootstrap method startup on screenshots@mozilla.org version 6.6.0
1500979077205	addons.xpi	DEBUG	Registering manifest for C:\Program Files (x86)\Mozilla Firefox\browser\features\webcompat@mozilla.org.xpi
1500979077206	addons.xpi	DEBUG	Calling bootstrap method startup on webcompat@mozilla.org version 1.1
1500979077212	addons.manager	DEBUG	Registering shutdown blocker for XPIProvider
1500979077212	addons.manager	DEBUG	Provider finished startup: XPIProvider
1500979077212	addons.manager	DEBUG	Starting provider: LightweightThemeManager
1500979077212	addons.manager	DEBUG	Registering shutdown blocker for LightweightThemeManager
1500979077212	addons.manager	DEBUG	Provider finished startup: LightweightThemeManager
1500979077213	addons.manager	DEBUG	Starting provider: GMPProvider
1500979077221	addons.manager	DEBUG	Registering shutdown blocker for GMPProvider
1500979077221	addons.manager	DEBUG	Provider finished startup: GMPProvider
1500979077222	addons.manager	DEBUG	Starting provider: PluginProvider
1500979077222	addons.manager	DEBUG	Registering shutdown blocker for PluginProvider
1500979077223	addons.manager	DEBUG	Provider finished startup: PluginProvider
1500979077223	addons.manager	DEBUG	Completed startup sequence
[GFX1]: Potential driver version mismatch ignored due to missing DLLs igd10umd32 v= and igd10iumd32.dll v=0.0.0.0
1500979079885	addons.manager	DEBUG	Starting provider: <unnamed-provider>
1500979079885	addons.manager	DEBUG	Registering shutdown blocker for <unnamed-provider>
1500979079886	addons.manager	DEBUG	Provider finished startup: <unnamed-provider>
1500979080231	DeferredSave.extensions.json	DEBUG	Write succeeded
1500979080231	addons.xpi-utils	DEBUG	XPI Database saved, setting schema version preference to 19
1500979080231	DeferredSave.extensions.json	DEBUG	Starting timer
1500979080253	addons.repository	DEBUG	No addons.json found.
1500979080254	DeferredSave.addons.json	DEBUG	Save changes
1500979080260	DeferredSave.addons.json	DEBUG	Starting timer
1500979080308	addons.manager	DEBUG	Starting provider: PreviousExperimentProvider
1500979080308	addons.manager	DEBUG	Registering shutdown blocker for PreviousExperimentProvider
1500979080308	addons.manager	DEBUG	Provider finished startup: PreviousExperimentProvider
1500979080316	DeferredSave.extensions.json	DEBUG	Starting write
1500979080326	DeferredSave.addons.json	DEBUG	Starting write
1500979080382	DeferredSave.extensions.json	DEBUG	Write succeeded
1500979080392	DeferredSave.addons.json	DEBUG	Write succeeded
Crash Annotation GraphicsCriticalError: |[C0][GFX1]: Potential driver version mismatch ignored due to missing DLLs igd10umd32 v= and igd10iumd32.dll v=0.0.0.0 (t=1.1768) [GFX1]: Potential driver version mismatch ignored due to missing DLLs igd10umd32 v= and igd10iumd32.dll v=0.0.0.0

Build info: version: '2.53.1', revision: 'a36b8b1', time: '2016-06-30 17:37:03'
System info: host: 'DESKTOP-5BHJEAE', ip: '192.168.1.26', os.name: 'Windows 10', os.arch: 'amd64', os.version: '10.0', java.version: '1.8.0_111'
Driver info: driver.version: FirefoxDriver]]>
            </message>
            <full-stacktrace>
              <![CDATA[org.openqa.selenium.WebDriverException: Failed to connect to binary FirefoxBinary(C:\Program Files (x86)\Mozilla Firefox\firefox.exe) on port 7055; process output follows: 
n":true,"dependencies":[],"hasEmbeddedWebExtension":false,"mpcOptedOut":true,"userPermissions":null}
1500979077190	DeferredSave.extensions.json	DEBUG	Save changes
1500979077190	addons.xpi	DEBUG	Updating database with changes to installed add-ons
1500979077191	addons.xpi-utils	DEBUG	Updating add-on states
1500979077193	addons.xpi-utils	DEBUG	Writing add-ons list
1500979077198	addons.xpi	DEBUG	Registering manifest for C:\Program Files (x86)\Mozilla Firefox\browser\features\aushelper@mozilla.org.xpi
1500979077199	addons.xpi	DEBUG	Calling bootstrap method startup on aushelper@mozilla.org version 2.0
1500979077200	addons.xpi	DEBUG	Registering manifest for C:\Program Files (x86)\Mozilla Firefox\browser\features\e10srollout@mozilla.org.xpi
1500979077201	addons.xpi	DEBUG	Calling bootstrap method startup on e10srollout@mozilla.org version 1.50
1500979077202	addons.xpi	DEBUG	Registering manifest for C:\Program Files (x86)\Mozilla Firefox\browser\features\firefox@getpocket.com.xpi
1500979077203	addons.xpi	DEBUG	Calling bootstrap method startup on firefox@getpocket.com version 1.0.5
1500979077204	addons.xpi	DEBUG	Registering manifest for C:\Program Files (x86)\Mozilla Firefox\browser\features\screenshots@mozilla.org.xpi
1500979077205	addons.xpi	DEBUG	Calling bootstrap method startup on screenshots@mozilla.org version 6.6.0
1500979077205	addons.xpi	DEBUG	Registering manifest for C:\Program Files (x86)\Mozilla Firefox\browser\features\webcompat@mozilla.org.xpi
1500979077206	addons.xpi	DEBUG	Calling bootstrap method startup on webcompat@mozilla.org version 1.1
1500979077212	addons.manager	DEBUG	Registering shutdown blocker for XPIProvider
1500979077212	addons.manager	DEBUG	Provider finished startup: XPIProvider
1500979077212	addons.manager	DEBUG	Starting provider: LightweightThemeManager
1500979077212	addons.manager	DEBUG	Registering shutdown blocker for LightweightThemeManager
1500979077212	addons.manager	DEBUG	Provider finished startup: LightweightThemeManager
1500979077213	addons.manager	DEBUG	Starting provider: GMPProvider
1500979077221	addons.manager	DEBUG	Registering shutdown blocker for GMPProvider
1500979077221	addons.manager	DEBUG	Provider finished startup: GMPProvider
1500979077222	addons.manager	DEBUG	Starting provider: PluginProvider
1500979077222	addons.manager	DEBUG	Registering shutdown blocker for PluginProvider
1500979077223	addons.manager	DEBUG	Provider finished startup: PluginProvider
1500979077223	addons.manager	DEBUG	Completed startup sequence
[GFX1]: Potential driver version mismatch ignored due to missing DLLs igd10umd32 v= and igd10iumd32.dll v=0.0.0.0
1500979079885	addons.manager	DEBUG	Starting provider: <unnamed-provider>
1500979079885	addons.manager	DEBUG	Registering shutdown blocker for <unnamed-provider>
1500979079886	addons.manager	DEBUG	Provider finished startup: <unnamed-provider>
1500979080231	DeferredSave.extensions.json	DEBUG	Write succeeded
1500979080231	addons.xpi-utils	DEBUG	XPI Database saved, setting schema version preference to 19
1500979080231	DeferredSave.extensions.json	DEBUG	Starting timer
1500979080253	addons.repository	DEBUG	No addons.json found.
1500979080254	DeferredSave.addons.json	DEBUG	Save changes
1500979080260	DeferredSave.addons.json	DEBUG	Starting timer
1500979080308	addons.manager	DEBUG	Starting provider: PreviousExperimentProvider
1500979080308	addons.manager	DEBUG	Registering shutdown blocker for PreviousExperimentProvider
1500979080308	addons.manager	DEBUG	Provider finished startup: PreviousExperimentProvider
1500979080316	DeferredSave.extensions.json	DEBUG	Starting write
1500979080326	DeferredSave.addons.json	DEBUG	Starting write
1500979080382	DeferredSave.extensions.json	DEBUG	Write succeeded
1500979080392	DeferredSave.addons.json	DEBUG	Write succeeded
Crash Annotation GraphicsCriticalError: |[C0][GFX1]: Potential driver version mismatch ignored due to missing DLLs igd10umd32 v= and igd10iumd32.dll v=0.0.0.0 (t=1.1768) [GFX1]: Potential driver version mismatch ignored due to missing DLLs igd10umd32 v= and igd10iumd32.dll v=0.0.0.0

Build info: version: '2.53.1', revision: 'a36b8b1', time: '2016-06-30 17:37:03'
System info: host: 'DESKTOP-5BHJEAE', ip: '192.168.1.26', os.name: 'Windows 10', os.arch: 'amd64', os.version: '10.0', java.version: '1.8.0_111'
Driver info: driver.version: FirefoxDriver
	at org.openqa.selenium.firefox.internal.NewProfileExtensionConnection.start(NewProfileExtensionConnection.java:124)
	at org.openqa.selenium.firefox.FirefoxDriver.startClient(FirefoxDriver.java:271)
	at org.openqa.selenium.remote.RemoteWebDriver.<init>(RemoteWebDriver.java:119)
	at org.openqa.selenium.firefox.FirefoxDriver.<init>(FirefoxDriver.java:218)
	at org.openqa.selenium.firefox.FirefoxDriver.<init>(FirefoxDriver.java:211)
	at org.openqa.selenium.firefox.FirefoxDriver.<init>(FirefoxDriver.java:207)
	at org.openqa.selenium.firefox.FirefoxDriver.<init>(FirefoxDriver.java:120)
	at com.softq.MouseOperations.setup(MouseOperations.java:32)
	at sun.reflect.NativeMethodAccessorImpl.invoke0(Native Method)
	at sun.reflect.NativeMethodAccessorImpl.invoke(Unknown Source)
	at sun.reflect.DelegatingMethodAccessorImpl.invoke(Unknown Source)
	at java.lang.reflect.Method.invoke(Unknown Source)
	at org.testng.internal.MethodInvocationHelper.invokeMethod(MethodInvocationHelper.java:108)
	at org.testng.internal.Invoker.invokeConfigurationMethod(Invoker.java:523)
	at org.testng.internal.Invoker.invokeConfigurations(Invoker.java:224)
	at org.testng.internal.Invoker.invokeMethod(Invoker.java:599)
	at org.testng.internal.Invoker.invokeTestMethod(Invoker.java:869)
	at org.testng.internal.Invoker.invokeTestMethods(Invoker.java:1193)
	at org.testng.internal.TestMethodWorker.invokeTestMethods(TestMethodWorker.java:126)
	at org.testng.internal.TestMethodWorker.run(TestMethodWorker.java:109)
	at org.testng.TestRunner.privateRun(TestRunner.java:744)
	at org.testng.TestRunner.run(TestRunner.java:602)
	at org.testng.SuiteRunner.runTest(SuiteRunner.java:380)
	at org.testng.SuiteRunner.access$000(SuiteRunner.java:39)
	at org.testng.SuiteRunner$SuiteWorker.run(SuiteRunner.java:414)
	at org.testng.internal.thread.ThreadUtil$1.call(ThreadUtil.java:52)
	at java.util.concurrent.FutureTask.run(Unknown Source)
	at java.util.concurrent.ThreadPoolExecutor.runWorker(Unknown Source)
	at java.util.concurrent.ThreadPoolExecutor$Worker.run(Unknown Source)
	at java.lang.Thread.run(Unknown Source)
Caused by: org.openqa.selenium.firefox.NotConnectedException: Unable to connect to host 127.0.0.1 on port 7055 after 45000 ms. Firefox console output:
n":true,"dependencies":[],"hasEmbeddedWebExtension":false,"mpcOptedOut":true,"userPermissions":null}
1500979077190	DeferredSave.extensions.json	DEBUG	Save changes
1500979077190	addons.xpi	DEBUG	Updating database with changes to installed add-ons
1500979077191	addons.xpi-utils	DEBUG	Updating add-on states
1500979077193	addons.xpi-utils	DEBUG	Writing add-ons list
1500979077198	addons.xpi	DEBUG	Registering manifest for C:\Program Files (x86)\Mozilla Firefox\browser\features\aushelper@mozilla.org.xpi
1500979077199	addons.xpi	DEBUG	Calling bootstrap method startup on aushelper@mozilla.org version 2.0
1500979077200	addons.xpi	DEBUG	Registering manifest for C:\Program Files (x86)\Mozilla Firefox\browser\features\e10srollout@mozilla.org.xpi
1500979077201	addons.xpi	DEBUG	Calling bootstrap method startup on e10srollout@mozilla.org version 1.50
1500979077202	addons.xpi	DEBUG	Registering manifest for C:\Program Files (x86)\Mozilla Firefox\browser\features\firefox@getpocket.com.xpi
1500979077203	addons.xpi	DEBUG	Calling bootstrap method startup on firefox@getpocket.com version 1.0.5
1500979077204	addons.xpi	DEBUG	Registering manifest for C:\Program Files (x86)\Mozilla Firefox\browser\features\screenshots@mozilla.org.xpi
1500979077205	addons.xpi	DEBUG	Calling bootstrap method startup on screenshots@mozilla.org version 6.6.0
1500979077205	addons.xpi	DEBUG	Registering manifest for C:\Program Files (x86)\Mozilla Firefox\browser\features\webcompat@mozilla.org.xpi
1500979077206	addons.xpi	DEBUG	Calling bootstrap method startup on webcompat@mozilla.org version 1.1
1500979077212	addons.manager	DEBUG	Registering shutdown blocker for XPIProvider
1500979077212	addons.manager	DEBUG	Provider finished startup: XPIProvider
1500979077212	addons.manager	DEBUG	Starting provider: LightweightThemeManager
1500979077212	addons.manager	DEBUG	Registering shutdown blocker for LightweightThemeManager
1500979077212	addons.manager	DEBUG	Provider finished startup: LightweightThemeManager
1500979077213	addons.manager	DEBUG	Starting provider: GMPProvider
1500979077221	addons.manager	DEBUG	Registering shutdown blocker for GMPProvider
1500979077221	addons.manager	DEBUG	Provider finished startup: GMPProvider
1500979077222	addons.manager	DEBUG	Starting provider: PluginProvider
1500979077222	addons.manager	DEBUG	Registering shutdown blocker for PluginProvider
1500979077223	addons.manager	DEBUG	Provider finished startup: PluginProvider
1500979077223	addons.manager	DEBUG	Completed startup sequence
[GFX1]: Potential driver version mismatch ignored due to missing DLLs igd10umd32 v= and igd10iumd32.dll v=0.0.0.0
1500979079885	addons.manager	DEBUG	Starting provider: <unnamed-provider>
1500979079885	addons.manager	DEBUG	Registering shutdown blocker for <unnamed-provider>
1500979079886	addons.manager	DEBUG	Provider finished startup: <unnamed-provider>
1500979080231	DeferredSave.extensions.json	DEBUG	Write succeeded
1500979080231	addons.xpi-utils	DEBUG	XPI Database saved, setting schema version preference to 19
1500979080231	DeferredSave.extensions.json	DEBUG	Starting timer
1500979080253	addons.repository	DEBUG	No addons.json found.
1500979080254	DeferredSave.addons.json	DEBUG	Save changes
1500979080260	DeferredSave.addons.json	DEBUG	Starting timer
1500979080308	addons.manager	DEBUG	Starting provider: PreviousExperimentProvider
1500979080308	addons.manager	DEBUG	Registering shutdown blocker for PreviousExperimentProvider
1500979080308	addons.manager	DEBUG	Provider finished startup: PreviousExperimentProvider
1500979080316	DeferredSave.extensions.json	DEBUG	Starting write
1500979080326	DeferredSave.addons.json	DEBUG	Starting write
1500979080382	DeferredSave.extensions.json	DEBUG	Write succeeded
1500979080392	DeferredSave.addons.json	DEBUG	Write succeeded
Crash Annotation GraphicsCriticalError: |[C0][GFX1]: Potential driver version mismatch ignored due to missing DLLs igd10umd32 v= and igd10iumd32.dll v=0.0.0.0 (t=1.1768) [GFX1]: Potential driver version mismatch ignored due to missing DLLs igd10umd32 v= and igd10iumd32.dll v=0.0.0.0

	at org.openqa.selenium.firefox.internal.NewProfileExtensionConnection.start(NewProfileExtensionConnection.java:112)
	... 29 more
]]>
            </full-stacktrace>
          </exception> <!-- org.openqa.selenium.WebDriverException -->
          <reporter-output>
          </reporter-output>
        </test-method> <!-- setup -->
        <test-method status="SKIP" signature="DragAnddrop()[pri:0, instance:com.softq.MouseOperations@62ee68d8]" name="DragAnddrop" duration-ms="0" started-at="2017-07-25T16:08:34Z" finished-at="2017-07-25T16:08:34Z">
          <exception class="org.openqa.selenium.WebDriverException">
            <message>
              <![CDATA[Failed to connect to binary FirefoxBinary(C:\Program Files (x86)\Mozilla Firefox\firefox.exe) on port 7055; process output follows: 
n":true,"dependencies":[],"hasEmbeddedWebExtension":false,"mpcOptedOut":true,"userPermissions":null}
1500979077190	DeferredSave.extensions.json	DEBUG	Save changes
1500979077190	addons.xpi	DEBUG	Updating database with changes to installed add-ons
1500979077191	addons.xpi-utils	DEBUG	Updating add-on states
1500979077193	addons.xpi-utils	DEBUG	Writing add-ons list
1500979077198	addons.xpi	DEBUG	Registering manifest for C:\Program Files (x86)\Mozilla Firefox\browser\features\aushelper@mozilla.org.xpi
1500979077199	addons.xpi	DEBUG	Calling bootstrap method startup on aushelper@mozilla.org version 2.0
1500979077200	addons.xpi	DEBUG	Registering manifest for C:\Program Files (x86)\Mozilla Firefox\browser\features\e10srollout@mozilla.org.xpi
1500979077201	addons.xpi	DEBUG	Calling bootstrap method startup on e10srollout@mozilla.org version 1.50
1500979077202	addons.xpi	DEBUG	Registering manifest for C:\Program Files (x86)\Mozilla Firefox\browser\features\firefox@getpocket.com.xpi
1500979077203	addons.xpi	DEBUG	Calling bootstrap method startup on firefox@getpocket.com version 1.0.5
1500979077204	addons.xpi	DEBUG	Registering manifest for C:\Program Files (x86)\Mozilla Firefox\browser\features\screenshots@mozilla.org.xpi
1500979077205	addons.xpi	DEBUG	Calling bootstrap method startup on screenshots@mozilla.org version 6.6.0
1500979077205	addons.xpi	DEBUG	Registering manifest for C:\Program Files (x86)\Mozilla Firefox\browser\features\webcompat@mozilla.org.xpi
1500979077206	addons.xpi	DEBUG	Calling bootstrap method startup on webcompat@mozilla.org version 1.1
1500979077212	addons.manager	DEBUG	Registering shutdown blocker for XPIProvider
1500979077212	addons.manager	DEBUG	Provider finished startup: XPIProvider
1500979077212	addons.manager	DEBUG	Starting provider: LightweightThemeManager
1500979077212	addons.manager	DEBUG	Registering shutdown blocker for LightweightThemeManager
1500979077212	addons.manager	DEBUG	Provider finished startup: LightweightThemeManager
1500979077213	addons.manager	DEBUG	Starting provider: GMPProvider
1500979077221	addons.manager	DEBUG	Registering shutdown blocker for GMPProvider
1500979077221	addons.manager	DEBUG	Provider finished startup: GMPProvider
1500979077222	addons.manager	DEBUG	Starting provider: PluginProvider
1500979077222	addons.manager	DEBUG	Registering shutdown blocker for PluginProvider
1500979077223	addons.manager	DEBUG	Provider finished startup: PluginProvider
1500979077223	addons.manager	DEBUG	Completed startup sequence
[GFX1]: Potential driver version mismatch ignored due to missing DLLs igd10umd32 v= and igd10iumd32.dll v=0.0.0.0
1500979079885	addons.manager	DEBUG	Starting provider: <unnamed-provider>
1500979079885	addons.manager	DEBUG	Registering shutdown blocker for <unnamed-provider>
1500979079886	addons.manager	DEBUG	Provider finished startup: <unnamed-provider>
1500979080231	DeferredSave.extensions.json	DEBUG	Write succeeded
1500979080231	addons.xpi-utils	DEBUG	XPI Database saved, setting schema version preference to 19
1500979080231	DeferredSave.extensions.json	DEBUG	Starting timer
1500979080253	addons.repository	DEBUG	No addons.json found.
1500979080254	DeferredSave.addons.json	DEBUG	Save changes
1500979080260	DeferredSave.addons.json	DEBUG	Starting timer
1500979080308	addons.manager	DEBUG	Starting provider: PreviousExperimentProvider
1500979080308	addons.manager	DEBUG	Registering shutdown blocker for PreviousExperimentProvider
1500979080308	addons.manager	DEBUG	Provider finished startup: PreviousExperimentProvider
1500979080316	DeferredSave.extensions.json	DEBUG	Starting write
1500979080326	DeferredSave.addons.json	DEBUG	Starting write
1500979080382	DeferredSave.extensions.json	DEBUG	Write succeeded
1500979080392	DeferredSave.addons.json	DEBUG	Write succeeded
Crash Annotation GraphicsCriticalError: |[C0][GFX1]: Potential driver version mismatch ignored due to missing DLLs igd10umd32 v= and igd10iumd32.dll v=0.0.0.0 (t=1.1768) [GFX1]: Potential driver version mismatch ignored due to missing DLLs igd10umd32 v= and igd10iumd32.dll v=0.0.0.0

Build info: version: '2.53.1', revision: 'a36b8b1', time: '2016-06-30 17:37:03'
System info: host: 'DESKTOP-5BHJEAE', ip: '192.168.1.26', os.name: 'Windows 10', os.arch: 'amd64', os.version: '10.0', java.version: '1.8.0_111'
Driver info: driver.version: FirefoxDriver]]>
            </message>
            <full-stacktrace>
              <![CDATA[org.openqa.selenium.WebDriverException: Failed to connect to binary FirefoxBinary(C:\Program Files (x86)\Mozilla Firefox\firefox.exe) on port 7055; process output follows: 
n":true,"dependencies":[],"hasEmbeddedWebExtension":false,"mpcOptedOut":true,"userPermissions":null}
1500979077190	DeferredSave.extensions.json	DEBUG	Save changes
1500979077190	addons.xpi	DEBUG	Updating database with changes to installed add-ons
1500979077191	addons.xpi-utils	DEBUG	Updating add-on states
1500979077193	addons.xpi-utils	DEBUG	Writing add-ons list
1500979077198	addons.xpi	DEBUG	Registering manifest for C:\Program Files (x86)\Mozilla Firefox\browser\features\aushelper@mozilla.org.xpi
1500979077199	addons.xpi	DEBUG	Calling bootstrap method startup on aushelper@mozilla.org version 2.0
1500979077200	addons.xpi	DEBUG	Registering manifest for C:\Program Files (x86)\Mozilla Firefox\browser\features\e10srollout@mozilla.org.xpi
1500979077201	addons.xpi	DEBUG	Calling bootstrap method startup on e10srollout@mozilla.org version 1.50
1500979077202	addons.xpi	DEBUG	Registering manifest for C:\Program Files (x86)\Mozilla Firefox\browser\features\firefox@getpocket.com.xpi
1500979077203	addons.xpi	DEBUG	Calling bootstrap method startup on firefox@getpocket.com version 1.0.5
1500979077204	addons.xpi	DEBUG	Registering manifest for C:\Program Files (x86)\Mozilla Firefox\browser\features\screenshots@mozilla.org.xpi
1500979077205	addons.xpi	DEBUG	Calling bootstrap method startup on screenshots@mozilla.org version 6.6.0
1500979077205	addons.xpi	DEBUG	Registering manifest for C:\Program Files (x86)\Mozilla Firefox\browser\features\webcompat@mozilla.org.xpi
1500979077206	addons.xpi	DEBUG	Calling bootstrap method startup on webcompat@mozilla.org version 1.1
1500979077212	addons.manager	DEBUG	Registering shutdown blocker for XPIProvider
1500979077212	addons.manager	DEBUG	Provider finished startup: XPIProvider
1500979077212	addons.manager	DEBUG	Starting provider: LightweightThemeManager
1500979077212	addons.manager	DEBUG	Registering shutdown blocker for LightweightThemeManager
1500979077212	addons.manager	DEBUG	Provider finished startup: LightweightThemeManager
1500979077213	addons.manager	DEBUG	Starting provider: GMPProvider
1500979077221	addons.manager	DEBUG	Registering shutdown blocker for GMPProvider
1500979077221	addons.manager	DEBUG	Provider finished startup: GMPProvider
1500979077222	addons.manager	DEBUG	Starting provider: PluginProvider
1500979077222	addons.manager	DEBUG	Registering shutdown blocker for PluginProvider
1500979077223	addons.manager	DEBUG	Provider finished startup: PluginProvider
1500979077223	addons.manager	DEBUG	Completed startup sequence
[GFX1]: Potential driver version mismatch ignored due to missing DLLs igd10umd32 v= and igd10iumd32.dll v=0.0.0.0
1500979079885	addons.manager	DEBUG	Starting provider: <unnamed-provider>
1500979079885	addons.manager	DEBUG	Registering shutdown blocker for <unnamed-provider>
1500979079886	addons.manager	DEBUG	Provider finished startup: <unnamed-provider>
1500979080231	DeferredSave.extensions.json	DEBUG	Write succeeded
1500979080231	addons.xpi-utils	DEBUG	XPI Database saved, setting schema version preference to 19
1500979080231	DeferredSave.extensions.json	DEBUG	Starting timer
1500979080253	addons.repository	DEBUG	No addons.json found.
1500979080254	DeferredSave.addons.json	DEBUG	Save changes
1500979080260	DeferredSave.addons.json	DEBUG	Starting timer
1500979080308	addons.manager	DEBUG	Starting provider: PreviousExperimentProvider
1500979080308	addons.manager	DEBUG	Registering shutdown blocker for PreviousExperimentProvider
1500979080308	addons.manager	DEBUG	Provider finished startup: PreviousExperimentProvider
1500979080316	DeferredSave.extensions.json	DEBUG	Starting write
1500979080326	DeferredSave.addons.json	DEBUG	Starting write
1500979080382	DeferredSave.extensions.json	DEBUG	Write succeeded
1500979080392	DeferredSave.addons.json	DEBUG	Write succeeded
Crash Annotation GraphicsCriticalError: |[C0][GFX1]: Potential driver version mismatch ignored due to missing DLLs igd10umd32 v= and igd10iumd32.dll v=0.0.0.0 (t=1.1768) [GFX1]: Potential driver version mismatch ignored due to missing DLLs igd10umd32 v= and igd10iumd32.dll v=0.0.0.0

Build info: version: '2.53.1', revision: 'a36b8b1', time: '2016-06-30 17:37:03'
System info: host: 'DESKTOP-5BHJEAE', ip: '192.168.1.26', os.name: 'Windows 10', os.arch: 'amd64', os.version: '10.0', java.version: '1.8.0_111'
Driver info: driver.version: FirefoxDriver
	at org.openqa.selenium.firefox.internal.NewProfileExtensionConnection.start(NewProfileExtensionConnection.java:124)
	at org.openqa.selenium.firefox.FirefoxDriver.startClient(FirefoxDriver.java:271)
	at org.openqa.selenium.remote.RemoteWebDriver.<init>(RemoteWebDriver.java:119)
	at org.openqa.selenium.firefox.FirefoxDriver.<init>(FirefoxDriver.java:218)
	at org.openqa.selenium.firefox.FirefoxDriver.<init>(FirefoxDriver.java:211)
	at org.openqa.selenium.firefox.FirefoxDriver.<init>(FirefoxDriver.java:207)
	at org.openqa.selenium.firefox.FirefoxDriver.<init>(FirefoxDriver.java:120)
	at com.softq.MouseOperations.setup(MouseOperations.java:32)
	at sun.reflect.NativeMethodAccessorImpl.invoke0(Native Method)
	at sun.reflect.NativeMethodAccessorImpl.invoke(Unknown Source)
	at sun.reflect.DelegatingMethodAccessorImpl.invoke(Unknown Source)
	at java.lang.reflect.Method.invoke(Unknown Source)
	at org.testng.internal.MethodInvocationHelper.invokeMethod(MethodInvocationHelper.java:108)
	at org.testng.internal.Invoker.invokeConfigurationMethod(Invoker.java:523)
	at org.testng.internal.Invoker.invokeConfigurations(Invoker.java:224)
	at org.testng.internal.Invoker.invokeMethod(Invoker.java:599)
	at org.testng.internal.Invoker.invokeTestMethod(Invoker.java:869)
	at org.testng.internal.Invoker.invokeTestMethods(Invoker.java:1193)
	at org.testng.internal.TestMethodWorker.invokeTestMethods(TestMethodWorker.java:126)
	at org.testng.internal.TestMethodWorker.run(TestMethodWorker.java:109)
	at org.testng.TestRunner.privateRun(TestRunner.java:744)
	at org.testng.TestRunner.run(TestRunner.java:602)
	at org.testng.SuiteRunner.runTest(SuiteRunner.java:380)
	at org.testng.SuiteRunner.access$000(SuiteRunner.java:39)
	at org.testng.SuiteRunner$SuiteWorker.run(SuiteRunner.java:414)
	at org.testng.internal.thread.ThreadUtil$1.call(ThreadUtil.java:52)
	at java.util.concurrent.FutureTask.run(Unknown Source)
	at java.util.concurrent.ThreadPoolExecutor.runWorker(Unknown Source)
	at java.util.concurrent.ThreadPoolExecutor$Worker.run(Unknown Source)
	at java.lang.Thread.run(Unknown Source)
Caused by: org.openqa.selenium.firefox.NotConnectedException: Unable to connect to host 127.0.0.1 on port 7055 after 45000 ms. Firefox console output:
n":true,"dependencies":[],"hasEmbeddedWebExtension":false,"mpcOptedOut":true,"userPermissions":null}
1500979077190	DeferredSave.extensions.json	DEBUG	Save changes
1500979077190	addons.xpi	DEBUG	Updating database with changes to installed add-ons
1500979077191	addons.xpi-utils	DEBUG	Updating add-on states
1500979077193	addons.xpi-utils	DEBUG	Writing add-ons list
1500979077198	addons.xpi	DEBUG	Registering manifest for C:\Program Files (x86)\Mozilla Firefox\browser\features\aushelper@mozilla.org.xpi
1500979077199	addons.xpi	DEBUG	Calling bootstrap method startup on aushelper@mozilla.org version 2.0
1500979077200	addons.xpi	DEBUG	Registering manifest for C:\Program Files (x86)\Mozilla Firefox\browser\features\e10srollout@mozilla.org.xpi
1500979077201	addons.xpi	DEBUG	Calling bootstrap method startup on e10srollout@mozilla.org version 1.50
1500979077202	addons.xpi	DEBUG	Registering manifest for C:\Program Files (x86)\Mozilla Firefox\browser\features\firefox@getpocket.com.xpi
1500979077203	addons.xpi	DEBUG	Calling bootstrap method startup on firefox@getpocket.com version 1.0.5
1500979077204	addons.xpi	DEBUG	Registering manifest for C:\Program Files (x86)\Mozilla Firefox\browser\features\screenshots@mozilla.org.xpi
1500979077205	addons.xpi	DEBUG	Calling bootstrap method startup on screenshots@mozilla.org version 6.6.0
1500979077205	addons.xpi	DEBUG	Registering manifest for C:\Program Files (x86)\Mozilla Firefox\browser\features\webcompat@mozilla.org.xpi
1500979077206	addons.xpi	DEBUG	Calling bootstrap method startup on webcompat@mozilla.org version 1.1
1500979077212	addons.manager	DEBUG	Registering shutdown blocker for XPIProvider
1500979077212	addons.manager	DEBUG	Provider finished startup: XPIProvider
1500979077212	addons.manager	DEBUG	Starting provider: LightweightThemeManager
1500979077212	addons.manager	DEBUG	Registering shutdown blocker for LightweightThemeManager
1500979077212	addons.manager	DEBUG	Provider finished startup: LightweightThemeManager
1500979077213	addons.manager	DEBUG	Starting provider: GMPProvider
1500979077221	addons.manager	DEBUG	Registering shutdown blocker for GMPProvider
1500979077221	addons.manager	DEBUG	Provider finished startup: GMPProvider
1500979077222	addons.manager	DEBUG	Starting provider: PluginProvider
1500979077222	addons.manager	DEBUG	Registering shutdown blocker for PluginProvider
1500979077223	addons.manager	DEBUG	Provider finished startup: PluginProvider
1500979077223	addons.manager	DEBUG	Completed startup sequence
[GFX1]: Potential driver version mismatch ignored due to missing DLLs igd10umd32 v= and igd10iumd32.dll v=0.0.0.0
1500979079885	addons.manager	DEBUG	Starting provider: <unnamed-provider>
1500979079885	addons.manager	DEBUG	Registering shutdown blocker for <unnamed-provider>
1500979079886	addons.manager	DEBUG	Provider finished startup: <unnamed-provider>
1500979080231	DeferredSave.extensions.json	DEBUG	Write succeeded
1500979080231	addons.xpi-utils	DEBUG	XPI Database saved, setting schema version preference to 19
1500979080231	DeferredSave.extensions.json	DEBUG	Starting timer
1500979080253	addons.repository	DEBUG	No addons.json found.
1500979080254	DeferredSave.addons.json	DEBUG	Save changes
1500979080260	DeferredSave.addons.json	DEBUG	Starting timer
1500979080308	addons.manager	DEBUG	Starting provider: PreviousExperimentProvider
1500979080308	addons.manager	DEBUG	Registering shutdown blocker for PreviousExperimentProvider
1500979080308	addons.manager	DEBUG	Provider finished startup: PreviousExperimentProvider
1500979080316	DeferredSave.extensions.json	DEBUG	Starting write
1500979080326	DeferredSave.addons.json	DEBUG	Starting write
1500979080382	DeferredSave.extensions.json	DEBUG	Write succeeded
1500979080392	DeferredSave.addons.json	DEBUG	Write succeeded
Crash Annotation GraphicsCriticalError: |[C0][GFX1]: Potential driver version mismatch ignored due to missing DLLs igd10umd32 v= and igd10iumd32.dll v=0.0.0.0 (t=1.1768) [GFX1]: Potential driver version mismatch ignored due to missing DLLs igd10umd32 v= and igd10iumd32.dll v=0.0.0.0

	at org.openqa.selenium.firefox.internal.NewProfileExtensionConnection.start(NewProfileExtensionConnection.java:112)
	... 29 more
]]>
            </full-stacktrace>
          </exception> <!-- org.openqa.selenium.WebDriverException -->
          <reporter-output>
          </reporter-output>
        </test-method> <!-- DragAnddrop -->
        <test-method status="SKIP" signature="setup(java.lang.String)[pri:0, instance:com.softq.MouseOperations@62ee68d8]" name="setup" is-config="true" duration-ms="0" started-at="2017-07-25T16:08:34Z" finished-at="2017-07-25T16:08:34Z">
          <reporter-output>
          </reporter-output>
        </test-method> <!-- setup -->
        <test-method status="SKIP" signature="MoveToelement()[pri:1, instance:com.softq.MouseOperations@62ee68d8]" name="MoveToelement" duration-ms="0" started-at="2017-07-25T16:08:34Z" finished-at="2017-07-25T16:08:34Z">
          <exception class="org.openqa.selenium.WebDriverException">
            <message>
              <![CDATA[Failed to connect to binary FirefoxBinary(C:\Program Files (x86)\Mozilla Firefox\firefox.exe) on port 7055; process output follows: 
n":true,"dependencies":[],"hasEmbeddedWebExtension":false,"mpcOptedOut":true,"userPermissions":null}
1500979077190	DeferredSave.extensions.json	DEBUG	Save changes
1500979077190	addons.xpi	DEBUG	Updating database with changes to installed add-ons
1500979077191	addons.xpi-utils	DEBUG	Updating add-on states
1500979077193	addons.xpi-utils	DEBUG	Writing add-ons list
1500979077198	addons.xpi	DEBUG	Registering manifest for C:\Program Files (x86)\Mozilla Firefox\browser\features\aushelper@mozilla.org.xpi
1500979077199	addons.xpi	DEBUG	Calling bootstrap method startup on aushelper@mozilla.org version 2.0
1500979077200	addons.xpi	DEBUG	Registering manifest for C:\Program Files (x86)\Mozilla Firefox\browser\features\e10srollout@mozilla.org.xpi
1500979077201	addons.xpi	DEBUG	Calling bootstrap method startup on e10srollout@mozilla.org version 1.50
1500979077202	addons.xpi	DEBUG	Registering manifest for C:\Program Files (x86)\Mozilla Firefox\browser\features\firefox@getpocket.com.xpi
1500979077203	addons.xpi	DEBUG	Calling bootstrap method startup on firefox@getpocket.com version 1.0.5
1500979077204	addons.xpi	DEBUG	Registering manifest for C:\Program Files (x86)\Mozilla Firefox\browser\features\screenshots@mozilla.org.xpi
1500979077205	addons.xpi	DEBUG	Calling bootstrap method startup on screenshots@mozilla.org version 6.6.0
1500979077205	addons.xpi	DEBUG	Registering manifest for C:\Program Files (x86)\Mozilla Firefox\browser\features\webcompat@mozilla.org.xpi
1500979077206	addons.xpi	DEBUG	Calling bootstrap method startup on webcompat@mozilla.org version 1.1
1500979077212	addons.manager	DEBUG	Registering shutdown blocker for XPIProvider
1500979077212	addons.manager	DEBUG	Provider finished startup: XPIProvider
1500979077212	addons.manager	DEBUG	Starting provider: LightweightThemeManager
1500979077212	addons.manager	DEBUG	Registering shutdown blocker for LightweightThemeManager
1500979077212	addons.manager	DEBUG	Provider finished startup: LightweightThemeManager
1500979077213	addons.manager	DEBUG	Starting provider: GMPProvider
1500979077221	addons.manager	DEBUG	Registering shutdown blocker for GMPProvider
1500979077221	addons.manager	DEBUG	Provider finished startup: GMPProvider
1500979077222	addons.manager	DEBUG	Starting provider: PluginProvider
1500979077222	addons.manager	DEBUG	Registering shutdown blocker for PluginProvider
1500979077223	addons.manager	DEBUG	Provider finished startup: PluginProvider
1500979077223	addons.manager	DEBUG	Completed startup sequence
[GFX1]: Potential driver version mismatch ignored due to missing DLLs igd10umd32 v= and igd10iumd32.dll v=0.0.0.0
1500979079885	addons.manager	DEBUG	Starting provider: <unnamed-provider>
1500979079885	addons.manager	DEBUG	Registering shutdown blocker for <unnamed-provider>
1500979079886	addons.manager	DEBUG	Provider finished startup: <unnamed-provider>
1500979080231	DeferredSave.extensions.json	DEBUG	Write succeeded
1500979080231	addons.xpi-utils	DEBUG	XPI Database saved, setting schema version preference to 19
1500979080231	DeferredSave.extensions.json	DEBUG	Starting timer
1500979080253	addons.repository	DEBUG	No addons.json found.
1500979080254	DeferredSave.addons.json	DEBUG	Save changes
1500979080260	DeferredSave.addons.json	DEBUG	Starting timer
1500979080308	addons.manager	DEBUG	Starting provider: PreviousExperimentProvider
1500979080308	addons.manager	DEBUG	Registering shutdown blocker for PreviousExperimentProvider
1500979080308	addons.manager	DEBUG	Provider finished startup: PreviousExperimentProvider
1500979080316	DeferredSave.extensions.json	DEBUG	Starting write
1500979080326	DeferredSave.addons.json	DEBUG	Starting write
1500979080382	DeferredSave.extensions.json	DEBUG	Write succeeded
1500979080392	DeferredSave.addons.json	DEBUG	Write succeeded
Crash Annotation GraphicsCriticalError: |[C0][GFX1]: Potential driver version mismatch ignored due to missing DLLs igd10umd32 v= and igd10iumd32.dll v=0.0.0.0 (t=1.1768) [GFX1]: Potential driver version mismatch ignored due to missing DLLs igd10umd32 v= and igd10iumd32.dll v=0.0.0.0

Build info: version: '2.53.1', revision: 'a36b8b1', time: '2016-06-30 17:37:03'
System info: host: 'DESKTOP-5BHJEAE', ip: '192.168.1.26', os.name: 'Windows 10', os.arch: 'amd64', os.version: '10.0', java.version: '1.8.0_111'
Driver info: driver.version: FirefoxDriver]]>
            </message>
            <full-stacktrace>
              <![CDATA[org.openqa.selenium.WebDriverException: Failed to connect to binary FirefoxBinary(C:\Program Files (x86)\Mozilla Firefox\firefox.exe) on port 7055; process output follows: 
n":true,"dependencies":[],"hasEmbeddedWebExtension":false,"mpcOptedOut":true,"userPermissions":null}
1500979077190	DeferredSave.extensions.json	DEBUG	Save changes
1500979077190	addons.xpi	DEBUG	Updating database with changes to installed add-ons
1500979077191	addons.xpi-utils	DEBUG	Updating add-on states
1500979077193	addons.xpi-utils	DEBUG	Writing add-ons list
1500979077198	addons.xpi	DEBUG	Registering manifest for C:\Program Files (x86)\Mozilla Firefox\browser\features\aushelper@mozilla.org.xpi
1500979077199	addons.xpi	DEBUG	Calling bootstrap method startup on aushelper@mozilla.org version 2.0
1500979077200	addons.xpi	DEBUG	Registering manifest for C:\Program Files (x86)\Mozilla Firefox\browser\features\e10srollout@mozilla.org.xpi
1500979077201	addons.xpi	DEBUG	Calling bootstrap method startup on e10srollout@mozilla.org version 1.50
1500979077202	addons.xpi	DEBUG	Registering manifest for C:\Program Files (x86)\Mozilla Firefox\browser\features\firefox@getpocket.com.xpi
1500979077203	addons.xpi	DEBUG	Calling bootstrap method startup on firefox@getpocket.com version 1.0.5
1500979077204	addons.xpi	DEBUG	Registering manifest for C:\Program Files (x86)\Mozilla Firefox\browser\features\screenshots@mozilla.org.xpi
1500979077205	addons.xpi	DEBUG	Calling bootstrap method startup on screenshots@mozilla.org version 6.6.0
1500979077205	addons.xpi	DEBUG	Registering manifest for C:\Program Files (x86)\Mozilla Firefox\browser\features\webcompat@mozilla.org.xpi
1500979077206	addons.xpi	DEBUG	Calling bootstrap method startup on webcompat@mozilla.org version 1.1
1500979077212	addons.manager	DEBUG	Registering shutdown blocker for XPIProvider
1500979077212	addons.manager	DEBUG	Provider finished startup: XPIProvider
1500979077212	addons.manager	DEBUG	Starting provider: LightweightThemeManager
1500979077212	addons.manager	DEBUG	Registering shutdown blocker for LightweightThemeManager
1500979077212	addons.manager	DEBUG	Provider finished startup: LightweightThemeManager
1500979077213	addons.manager	DEBUG	Starting provider: GMPProvider
1500979077221	addons.manager	DEBUG	Registering shutdown blocker for GMPProvider
1500979077221	addons.manager	DEBUG	Provider finished startup: GMPProvider
1500979077222	addons.manager	DEBUG	Starting provider: PluginProvider
1500979077222	addons.manager	DEBUG	Registering shutdown blocker for PluginProvider
1500979077223	addons.manager	DEBUG	Provider finished startup: PluginProvider
1500979077223	addons.manager	DEBUG	Completed startup sequence
[GFX1]: Potential driver version mismatch ignored due to missing DLLs igd10umd32 v= and igd10iumd32.dll v=0.0.0.0
1500979079885	addons.manager	DEBUG	Starting provider: <unnamed-provider>
1500979079885	addons.manager	DEBUG	Registering shutdown blocker for <unnamed-provider>
1500979079886	addons.manager	DEBUG	Provider finished startup: <unnamed-provider>
1500979080231	DeferredSave.extensions.json	DEBUG	Write succeeded
1500979080231	addons.xpi-utils	DEBUG	XPI Database saved, setting schema version preference to 19
1500979080231	DeferredSave.extensions.json	DEBUG	Starting timer
1500979080253	addons.repository	DEBUG	No addons.json found.
1500979080254	DeferredSave.addons.json	DEBUG	Save changes
1500979080260	DeferredSave.addons.json	DEBUG	Starting timer
1500979080308	addons.manager	DEBUG	Starting provider: PreviousExperimentProvider
1500979080308	addons.manager	DEBUG	Registering shutdown blocker for PreviousExperimentProvider
1500979080308	addons.manager	DEBUG	Provider finished startup: PreviousExperimentProvider
1500979080316	DeferredSave.extensions.json	DEBUG	Starting write
1500979080326	DeferredSave.addons.json	DEBUG	Starting write
1500979080382	DeferredSave.extensions.json	DEBUG	Write succeeded
1500979080392	DeferredSave.addons.json	DEBUG	Write succeeded
Crash Annotation GraphicsCriticalError: |[C0][GFX1]: Potential driver version mismatch ignored due to missing DLLs igd10umd32 v= and igd10iumd32.dll v=0.0.0.0 (t=1.1768) [GFX1]: Potential driver version mismatch ignored due to missing DLLs igd10umd32 v= and igd10iumd32.dll v=0.0.0.0

Build info: version: '2.53.1', revision: 'a36b8b1', time: '2016-06-30 17:37:03'
System info: host: 'DESKTOP-5BHJEAE', ip: '192.168.1.26', os.name: 'Windows 10', os.arch: 'amd64', os.version: '10.0', java.version: '1.8.0_111'
Driver info: driver.version: FirefoxDriver
	at org.openqa.selenium.firefox.internal.NewProfileExtensionConnection.start(NewProfileExtensionConnection.java:124)
	at org.openqa.selenium.firefox.FirefoxDriver.startClient(FirefoxDriver.java:271)
	at org.openqa.selenium.remote.RemoteWebDriver.<init>(RemoteWebDriver.java:119)
	at org.openqa.selenium.firefox.FirefoxDriver.<init>(FirefoxDriver.java:218)
	at org.openqa.selenium.firefox.FirefoxDriver.<init>(FirefoxDriver.java:211)
	at org.openqa.selenium.firefox.FirefoxDriver.<init>(FirefoxDriver.java:207)
	at org.openqa.selenium.firefox.FirefoxDriver.<init>(FirefoxDriver.java:120)
	at com.softq.MouseOperations.setup(MouseOperations.java:32)
	at sun.reflect.NativeMethodAccessorImpl.invoke0(Native Method)
	at sun.reflect.NativeMethodAccessorImpl.invoke(Unknown Source)
	at sun.reflect.DelegatingMethodAccessorImpl.invoke(Unknown Source)
	at java.lang.reflect.Method.invoke(Unknown Source)
	at org.testng.internal.MethodInvocationHelper.invokeMethod(MethodInvocationHelper.java:108)
	at org.testng.internal.Invoker.invokeConfigurationMethod(Invoker.java:523)
	at org.testng.internal.Invoker.invokeConfigurations(Invoker.java:224)
	at org.testng.internal.Invoker.invokeMethod(Invoker.java:599)
	at org.testng.internal.Invoker.invokeTestMethod(Invoker.java:869)
	at org.testng.internal.Invoker.invokeTestMethods(Invoker.java:1193)
	at org.testng.internal.TestMethodWorker.invokeTestMethods(TestMethodWorker.java:126)
	at org.testng.internal.TestMethodWorker.run(TestMethodWorker.java:109)
	at org.testng.TestRunner.privateRun(TestRunner.java:744)
	at org.testng.TestRunner.run(TestRunner.java:602)
	at org.testng.SuiteRunner.runTest(SuiteRunner.java:380)
	at org.testng.SuiteRunner.access$000(SuiteRunner.java:39)
	at org.testng.SuiteRunner$SuiteWorker.run(SuiteRunner.java:414)
	at org.testng.internal.thread.ThreadUtil$1.call(ThreadUtil.java:52)
	at java.util.concurrent.FutureTask.run(Unknown Source)
	at java.util.concurrent.ThreadPoolExecutor.runWorker(Unknown Source)
	at java.util.concurrent.ThreadPoolExecutor$Worker.run(Unknown Source)
	at java.lang.Thread.run(Unknown Source)
Caused by: org.openqa.selenium.firefox.NotConnectedException: Unable to connect to host 127.0.0.1 on port 7055 after 45000 ms. Firefox console output:
n":true,"dependencies":[],"hasEmbeddedWebExtension":false,"mpcOptedOut":true,"userPermissions":null}
1500979077190	DeferredSave.extensions.json	DEBUG	Save changes
1500979077190	addons.xpi	DEBUG	Updating database with changes to installed add-ons
1500979077191	addons.xpi-utils	DEBUG	Updating add-on states
1500979077193	addons.xpi-utils	DEBUG	Writing add-ons list
1500979077198	addons.xpi	DEBUG	Registering manifest for C:\Program Files (x86)\Mozilla Firefox\browser\features\aushelper@mozilla.org.xpi
1500979077199	addons.xpi	DEBUG	Calling bootstrap method startup on aushelper@mozilla.org version 2.0
1500979077200	addons.xpi	DEBUG	Registering manifest for C:\Program Files (x86)\Mozilla Firefox\browser\features\e10srollout@mozilla.org.xpi
1500979077201	addons.xpi	DEBUG	Calling bootstrap method startup on e10srollout@mozilla.org version 1.50
1500979077202	addons.xpi	DEBUG	Registering manifest for C:\Program Files (x86)\Mozilla Firefox\browser\features\firefox@getpocket.com.xpi
1500979077203	addons.xpi	DEBUG	Calling bootstrap method startup on firefox@getpocket.com version 1.0.5
1500979077204	addons.xpi	DEBUG	Registering manifest for C:\Program Files (x86)\Mozilla Firefox\browser\features\screenshots@mozilla.org.xpi
1500979077205	addons.xpi	DEBUG	Calling bootstrap method startup on screenshots@mozilla.org version 6.6.0
1500979077205	addons.xpi	DEBUG	Registering manifest for C:\Program Files (x86)\Mozilla Firefox\browser\features\webcompat@mozilla.org.xpi
1500979077206	addons.xpi	DEBUG	Calling bootstrap method startup on webcompat@mozilla.org version 1.1
1500979077212	addons.manager	DEBUG	Registering shutdown blocker for XPIProvider
1500979077212	addons.manager	DEBUG	Provider finished startup: XPIProvider
1500979077212	addons.manager	DEBUG	Starting provider: LightweightThemeManager
1500979077212	addons.manager	DEBUG	Registering shutdown blocker for LightweightThemeManager
1500979077212	addons.manager	DEBUG	Provider finished startup: LightweightThemeManager
1500979077213	addons.manager	DEBUG	Starting provider: GMPProvider
1500979077221	addons.manager	DEBUG	Registering shutdown blocker for GMPProvider
1500979077221	addons.manager	DEBUG	Provider finished startup: GMPProvider
1500979077222	addons.manager	DEBUG	Starting provider: PluginProvider
1500979077222	addons.manager	DEBUG	Registering shutdown blocker for PluginProvider
1500979077223	addons.manager	DEBUG	Provider finished startup: PluginProvider
1500979077223	addons.manager	DEBUG	Completed startup sequence
[GFX1]: Potential driver version mismatch ignored due to missing DLLs igd10umd32 v= and igd10iumd32.dll v=0.0.0.0
1500979079885	addons.manager	DEBUG	Starting provider: <unnamed-provider>
1500979079885	addons.manager	DEBUG	Registering shutdown blocker for <unnamed-provider>
1500979079886	addons.manager	DEBUG	Provider finished startup: <unnamed-provider>
1500979080231	DeferredSave.extensions.json	DEBUG	Write succeeded
1500979080231	addons.xpi-utils	DEBUG	XPI Database saved, setting schema version preference to 19
1500979080231	DeferredSave.extensions.json	DEBUG	Starting timer
1500979080253	addons.repository	DEBUG	No addons.json found.
[...]
1500979077212	addons.manager	DEBUG	Provider finished startup: LightweightThemeManager
1500979077213	addons.manager	DEBUG	Starting provider: GMPProvider
1500979077221	addons.manager	DEBUG	Registering shutdown blocker for GMPProvider
1500979077221	addons.manager	DEBUG	Provider finished startup: GMPProvider
1500979077222	addons.manager	DEBUG	Starting provider: PluginProvider
1500979077222	addons.manager	DEBUG	Registering shutdown blocker for PluginProvider
1500979077223	addons.manager	DEBUG	Provider finished startup: PluginProvider
1500979077223	addons.manager	DEBUG	Completed startup sequence
[GFX1]: Potential driver version mismatch ignored due to missing DLLs igd10umd32 v= and igd10iumd32.dll v=0.0.0.0
1500979079885	addons.manager	DEBUG	Starting provider: <unnamed-provider>
1500979079885	addons.manager	DEBUG	Registering shutdown blocker for <unnamed-provider>
1500979079886	addons.manager	DEBUG	Provider finished startup: <unnamed-provider>
1500979080231	DeferredSave.extensions.json	DEBUG	Write succeeded
1500979080231	addons.xpi-utils	DEBUG	XPI Database saved, setting schema version preference to 19
1500979080231	DeferredSave.extensions.json	DEBUG	Starting timer
1500979080253	addons.repository	DEBUG	No addons.json found.
1500979080254	DeferredSave.addons.json	DEBUG	Save changes
1500979080260	DeferredSave.addons.json	DEBUG	Starting timer
1500979080308	addons.manager	DEBUG	Starting provider: PreviousExperimentProvider
1500979080308	addons.manager	DEBUG	Registering shutdown blocker for PreviousExperimentProvider
1500979080308	addons.manager	DEBUG	Provider finished startup: PreviousExperimentProvider
1500979080316	DeferredSave.extensions.json	DEBUG	Starting write
1500979080326	DeferredSave.addons.json	DEBUG	Starting write
1500979080382	DeferredSave.extensions.json	DEBUG	Write succeeded
1500979080392	DeferredSave.addons.json	DEBUG	Write succeeded
Crash Annotation GraphicsCriticalError: |[C0][GFX1]: Potential driver version mismatch ignored due to missing DLLs igd10umd32 v= and igd10iumd32.dll v=0.0.0.0 (t=1.1768) [GFX1]: Potential driver version mismatch ignored due to missing DLLs igd10umd32 v= and igd10iumd32.dll v=0.0.0.0

Build info: version: '2.53.1', revision: 'a36b8b1', time: '2016-06-30 17:37:03'
System info: host: 'DESKTOP-5BHJEAE', ip: '192.168.1.26', os.name: 'Windows 10', os.arch: 'amd64', os.version: '10.0', java.version: '1.8.0_111'
Driver info: driver.version: FirefoxDriver]]>
            </message>
            <full-stacktrace>
              <![CDATA[org.openqa.selenium.WebDriverException: Failed to connect to binary FirefoxBinary(C:\Program Files (x86)\Mozilla Firefox\firefox.exe) on port 7055; process output follows: 
n":true,"dependencies":[],"hasEmbeddedWebExtension":false,"mpcOptedOut":true,"userPermissions":null}
1500979077190	DeferredSave.extensions.json	DEBUG	Save changes
1500979077190	addons.xpi	DEBUG	Updating database with changes to installed add-ons
1500979077191	addons.xpi-utils	DEBUG	Updating add-on states
1500979077193	addons.xpi-utils	DEBUG	Writing add-ons list
1500979077198	addons.xpi	DEBUG	Registering manifest for C:\Program Files (x86)\Mozilla Firefox\browser\features\aushelper@mozilla.org.xpi
1500979077199	addons.xpi	DEBUG	Calling bootstrap method startup on aushelper@mozilla.org version 2.0
1500979077200	addons.xpi	DEBUG	Registering manifest for C:\Program Files (x86)\Mozilla Firefox\browser\features\e10srollout@mozilla.org.xpi
1500979077201	addons.xpi	DEBUG	Calling bootstrap method startup on e10srollout@mozilla.org version 1.50
1500979077202	addons.xpi	DEBUG	Registering manifest for C:\Program Files (x86)\Mozilla Firefox\browser\features\firefox@getpocket.com.xpi
1500979077203	addons.xpi	DEBUG	Calling bootstrap method startup on firefox@getpocket.com version 1.0.5
1500979077204	addons.xpi	DEBUG	Registering manifest for C:\Program Files (x86)\Mozilla Firefox\browser\features\screenshots@mozilla.org.xpi
1500979077205	addons.xpi	DEBUG	Calling bootstrap method startup on screenshots@mozilla.org version 6.6.0
1500979077205	addons.xpi	DEBUG	Registering manifest for C:\Program Files (x86)\Mozilla Firefox\browser\features\webcompat@mozilla.org.xpi
1500979077206	addons.xpi	DEBUG	Calling bootstrap method startup on webcompat@mozilla.org version 1.1
1500979077212	addons.manager	DEBUG	Registering shutdown blocker for XPIProvider
1500979077212	addons.manager	DEBUG	Provider finished startup: XPIProvider
1500979077212	addons.manager	DEBUG	Starting provider: LightweightThemeManager
1500979077212	addons.manager	DEBUG	Registering shutdown blocker for LightweightThemeManager
1500979077212	addons.manager	DEBUG	Provider finished startup: LightweightThemeManager
1500979077213	addons.manager	DEBUG	Starting provider: GMPProvider
1500979077221	addons.manager	DEBUG	Registering shutdown blocker for GMPProvider
1500979077221	addons.manager	DEBUG	Provider finished startup: GMPProvider
1500979077222	addons.manager	DEBUG	Starting provider: PluginProvider
1500979077222	addons.manager	DEBUG	Registering shutdown blocker for PluginProvider
1500979077223	addons.manager	DEBUG	Provider finished startup: PluginProvider
1500979077223	addons.manager	DEBUG	Completed startup sequence
[GFX1]: Potential driver version mismatch ignored due to missing DLLs igd10umd32 v= and igd10iumd32.dll v=0.0.0.0
1500979079885	addons.manager	DEBUG	Starting provider: <unnamed-provider>
1500979079885	addons.manager	DEBUG	Registering shutdown blocker for <unnamed-provider>
1500979079886	addons.manager	DEBUG	Provider finished startup: <unnamed-provider>
1500979080231	DeferredSave.extensions.json	DEBUG	Write succeeded
1500979080231	addons.xpi-utils	DEBUG	XPI Database saved, setting schema version preference to 19
1500979080231	DeferredSave.extensions.json	DEBUG	Starting timer
1500979080253	addons.repository	DEBUG	No addons.json found.
1500979080254	DeferredSave.addons.json	DEBUG	Save changes
1500979080260	DeferredSave.addons.json	DEBUG	Starting timer
1500979080308	addons.manager	DEBUG	Starting provider: PreviousExperimentProvider
1500979080308	addons.manager	DEBUG	Registering shutdown blocker for PreviousExperimentProvider
1500979080308	addons.manager	DEBUG	Provider finished startup: PreviousExperimentProvider
1500979080316	DeferredSave.extensions.json	DEBUG	Starting write
1500979080326	DeferredSave.addons.json	DEBUG	Starting write
1500979080382	DeferredSave.extensions.json	DEBUG	Write succeeded
1500979080392	DeferredSave.addons.json	DEBUG	Write succeeded
Crash Annotation GraphicsCriticalError: |[C0][GFX1]: Potential driver version mismatch ignored due to missing DLLs igd10umd32 v= and igd10iumd32.dll v=0.0.0.0 (t=1.1768) [GFX1]: Potential driver version mismatch ignored due to missing DLLs igd10umd32 v= and igd10iumd32.dll v=0.0.0.0

Build info: version: '2.53.1', revision: 'a36b8b1', time: '2016-06-30 17:37:03'
System info: host: 'DESKTOP-5BHJEAE', ip: '192.168.1.26', os.name: 'Windows 10', os.arch: 'amd64', os.version: '10.0', java.version: '1.8.0_111'
Driver info: driver.version: FirefoxDriver
	at org.openqa.selenium.firefox.internal.NewProfileExtensionConnection.start(NewProfileExtensionConnection.java:124)
	at org.openqa.selenium.firefox.FirefoxDriver.startClient(FirefoxDriver.java:271)
	at org.openqa.selenium.remote.RemoteWebDriver.<init>(RemoteWebDriver.java:119)
	at org.openqa.selenium.firefox.FirefoxDriver.<init>(FirefoxDriver.java:218)
	at org.openqa.selenium.firefox.FirefoxDriver.<init>(FirefoxDriver.java:211)
	at org.openqa.selenium.firefox.FirefoxDriver.<init>(FirefoxDriver.java:207)
	at org.openqa.selenium.firefox.FirefoxDriver.<init>(FirefoxDriver.java:120)
	at com.softq.MouseOperations.setup(MouseOperations.java:32)
	at sun.reflect.NativeMethodAccessorImpl.invoke0(Native Method)
	at sun.reflect.NativeMethodAccessorImpl.invoke(Unknown Source)
	at sun.reflect.DelegatingMethodAccessorImpl.invoke(Unknown Source)
	at java.lang.reflect.Method.invoke(Unknown Source)
	at org.testng.internal.MethodInvocationHelper.invokeMethod(MethodInvocationHelper.java:108)
	at org.testng.internal.Invoker.invokeConfigurationMethod(Invoker.java:523)
	at org.testng.internal.Invoker.invokeConfigurations(Invoker.java:224)
	at org.testng.internal.Invoker.invokeMethod(Invoker.java:599)
	at org.testng.internal.Invoker.invokeTestMethod(Invoker.java:869)
	at org.testng.internal.Invoker.invokeTestMethods(Invoker.java:1193)
	at org.testng.internal.TestMethodWorker.invokeTestMethods(TestMethodWorker.java:126)
	at org.testng.internal.TestMethodWorker.run(TestMethodWorker.java:109)
	at org.testng.TestRunner.privateRun(TestRunner.java:744)
	at org.testng.TestRunner.run(TestRunner.java:602)
	at org.testng.SuiteRunner.runTest(SuiteRunner.java:380)
	at org.testng.SuiteRunner.access$000(SuiteRunner.java:39)
	at org.testng.SuiteRunner$SuiteWorker.run(SuiteRunner.java:414)
	at org.testng.internal.thread.ThreadUtil$1.call(ThreadUtil.java:52)
	at java.util.concurrent.FutureTask.run(Unknown Source)
	at java.util.concurrent.ThreadPoolExecutor.runWorker(Unknown Source)
	at java.util.concurrent.ThreadPoolExecutor$Worker.run(Unknown Source)
	at java.lang.Thread.run(Unknown Source)
Caused by: org.openqa.selenium.firefox.NotConnectedException: Unable to connect to host 127.0.0.1 on port 7055 after 45000 ms. Firefox console output:
n":true,"dependencies":[],"hasEmbeddedWebExtension":false,"mpcOptedOut":true,"userPermissions":null}
1500979077190	DeferredSave.extensions.json	DEBUG	Save changes
1500979077190	addons.xpi	DEBUG	Updating database with changes to installed add-ons
1500979077191	addons.xpi-utils	DEBUG	Updating add-on states
1500979077193	addons.xpi-utils	DEBUG	Writing add-ons list
1500979077198	addons.xpi	DEBUG	Registering manifest for C:\Program Files (x86)\Mozilla Firefox\browser\features\aushelper@mozilla.org.xpi
1500979077199	addons.xpi	DEBUG	Calling bootstrap method startup on aushelper@mozilla.org version 2.0
1500979077200	addons.xpi	DEBUG	Registering manifest for C:\Program Files (x86)\Mozilla Firefox\browser\features\e10srollout@mozilla.org.xpi
1500979077201	addons.xpi	DEBUG	Calling bootstrap method startup on e10srollout@mozilla.org version 1.50
1500979077202	addons.xpi	DEBUG	Registering manifest for C:\Program Files (x86)\Mozilla Firefox\browser\features\firefox@getpocket.com.xpi
1500979077203	addons.xpi	DEBUG	Calling bootstrap method startup on firefox@getpocket.com version 1.0.5
1500979077204	addons.xpi	DEBUG	Registering manifest for C:\Program Files (x86)\Mozilla Firefox\browser\features\screenshots@mozilla.org.xpi
1500979077205	addons.xpi	DEBUG	Calling bootstrap method startup on screenshots@mozilla.org version 6.6.0
1500979077205	addons.xpi	DEBUG	Registering manifest for C:\Program Files (x86)\Mozilla Firefox\browser\features\webcompat@mozilla.org.xpi
1500979077206	addons.xpi	DEBUG	Calling bootstrap method startup on webcompat@mozilla.org version 1.1
1500979077212	addons.manager	DEBUG	Registering shutdown blocker for XPIProvider
1500979077212	addons.manager	DEBUG	Provider finished startup: XPIProvider
1500979077212	addons.manager	DEBUG	Starting provider: LightweightThemeManager
1500979077212	addons.manager	DEBUG	Registering shutdown blocker for LightweightThemeManager
1500979077212	addons.manager	DEBUG	Provider finished startup: LightweightThemeManager
1500979077213	addons.manager	DEBUG	Starting provider: GMPProvider
1500979077221	addons.manager	DEBUG	Registering shutdown blocker for GMPProvider
1500979077221	addons.manager	DEBUG	Provider finished startup: GMPProvider
1500979077222	addons.manager	DEBUG	Starting provider: PluginProvider
1500979077222	addons.manager	DEBUG	Registering shutdown blocker for PluginProvider
1500979077223	addons.manager	DEBUG	Provider finished startup: PluginProvider
1500979077223	addons.manager	DEBUG	Completed startup sequence
[GFX1]: Potential driver version mismatch ignored due to missing DLLs igd10umd32 v= and igd10iumd32.dll v=0.0.0.0
1500979079885	addons.manager	DEBUG	Starting provider: <unnamed-provider>
1500979079885	addons.manager	DEBUG	Registering shutdown blocker for <unnamed-provider>
1500979079886	addons.manager	DEBUG	Provider finished startup: <unnamed-provider>
1500979080231	DeferredSave.extensions.json	DEBUG	Write succeeded
1500979080231	addons.xpi-utils	DEBUG	XPI Database saved, setting schema version preference to 19
1500979080231	DeferredSave.extensions.json	DEBUG	Starting timer
1500979080253	addons.repository	DEBUG	No addons.json found.
1500979080254	DeferredSave.addons.json	DEBUG	Save changes
1500979080260	DeferredSave.addons.json	DEBUG	Starting timer
1500979080308	addons.manager	DEBUG	Starting provider: PreviousExperimentProvider
1500979080308	addons.manager	DEBUG	Registering shutdown blocker for PreviousExperimentProvider
1500979080308	addons.manager	DEBUG	Provider finished startup: PreviousExperimentProvider
1500979080316	DeferredSave.extensions.json	DEBUG	Starting write
1500979080326	DeferredSave.addons.json	DEBUG	Starting write
1500979080382	DeferredSave.extensions.json	DEBUG	Write succeeded
1500979080392	DeferredSave.addons.json	DEBUG	Write succeeded
Crash Annotation GraphicsCriticalError: |[C0][GFX1]: Potential driver version mismatch ignored due to missing DLLs igd10umd32 v= and igd10iumd32.dll v=0.0.0.0 (t=1.1768) [GFX1]: Potential driver version mismatch ignored due to missing DLLs igd10umd32 v= and igd10iumd32.dll v=0.0.0.0

	at org.openqa.selenium.firefox.internal.NewProfileExtensionConnection.start(NewProfileExtensionConnection.java:112)
	... 29 more
]]>
            </full-stacktrace>
          </exception> <!-- org.openqa.selenium.WebDriverException -->
          <reporter-output>
          </reporter-output>
        </test-method> <!-- slider -->
      </class> <!-- com.softq.MouseOperations -->
    </test> <!-- firefoxBrowserExecutions -->
    <test name="chromeBrowserExecutions" duration-ms="128124" started-at="2017-07-25T10:36:58Z" finished-at="2017-07-25T10:39:06Z">
      <class name="com.softq.SingleDropdown">
        <test-method status="PASS" signature="setup(java.lang.String)[pri:0, instance:com.softq.SingleDropdown@1efbd816]" name="setup" is-config="true" duration-ms="18553" started-at="2017-07-25T16:06:58Z" finished-at="2017-07-25T16:07:17Z">
          <params>
            <param index="0">
              <value>
                <![CDATA[chrome]]>
              </value>
            </param>
          </params>
          <reporter-output>
          </reporter-output>
        </test-method> <!-- setup -->
        <test-method status="PASS" signature="singleDropDown()[pri:0, instance:com.softq.SingleDropdown@1efbd816]" name="singleDropDown" duration-ms="11779" started-at="2017-07-25T16:07:17Z" finished-at="2017-07-25T16:07:28Z">
          <reporter-output>
          </reporter-output>
        </test-method> <!-- singleDropDown -->
        <test-method status="PASS" signature="teardown()[pri:0, instance:com.softq.SingleDropdown@1efbd816]" name="teardown" is-config="true" duration-ms="5402" started-at="2017-07-25T16:07:28Z" finished-at="2017-07-25T16:07:34Z">
          <reporter-output>
          </reporter-output>
        </test-method> <!-- teardown -->
      </class> <!-- com.softq.SingleDropdown -->
      <class name="com.softq.MouseOperations">
        <test-method status="PASS" signature="setup(java.lang.String)[pri:0, instance:com.softq.MouseOperations@6a2bcfcb]" name="setup" is-config="true" duration-ms="8128" started-at="2017-07-25T16:07:34Z" finished-at="2017-07-25T16:07:42Z">
          <params>
            <param index="0">
              <value>
                <![CDATA[chrome]]>
              </value>
            </param>
          </params>
          <reporter-output>
          </reporter-output>
        </test-method> <!-- setup -->
        <test-method status="PASS" signature="DragAnddrop()[pri:0, instance:com.softq.MouseOperations@6a2bcfcb]" name="DragAnddrop" duration-ms="16960" started-at="2017-07-25T16:07:42Z" finished-at="2017-07-25T16:07:59Z">
          <reporter-output>
          </reporter-output>
        </test-method> <!-- DragAnddrop -->
        <test-method status="PASS" signature="tearDown()[pri:0, instance:com.softq.MouseOperations@6a2bcfcb]" name="tearDown" is-config="true" duration-ms="992" started-at="2017-07-25T16:07:59Z" finished-at="2017-07-25T16:08:00Z">
          <reporter-output>
          </reporter-output>
        </test-method> <!-- tearDown -->
        <test-method status="PASS" signature="setup(java.lang.String)[pri:0, instance:com.softq.MouseOperations@6a2bcfcb]" name="setup" is-config="true" duration-ms="5981" started-at="2017-07-25T16:08:00Z" finished-at="2017-07-25T16:08:06Z">
          <params>
            <param index="0">
              <value>
                <![CDATA[chrome]]>
              </value>
            </param>
          </params>
          <reporter-output>
          </reporter-output>
        </test-method> <!-- setup -->
        <test-method status="PASS" signature="MoveToelement()[pri:1, instance:com.softq.MouseOperations@6a2bcfcb]" name="MoveToelement" duration-ms="12002" started-at="2017-07-25T16:08:06Z" finished-at="2017-07-25T16:08:18Z">
          <reporter-output>
          </reporter-output>
        </test-method> <!-- MoveToelement -->
        <test-method status="PASS" signature="tearDown()[pri:0, instance:com.softq.MouseOperations@6a2bcfcb]" name="tearDown" is-config="true" duration-ms="1106" started-at="2017-07-25T16:08:18Z" finished-at="2017-07-25T16:08:19Z">
          <reporter-output>
          </reporter-output>
        </test-method> <!-- tearDown -->
        <test-method status="PASS" signature="setup(java.lang.String)[pri:0, instance:com.softq.MouseOperations@6a2bcfcb]" name="setup" is-config="true" duration-ms="4542" started-at="2017-07-25T16:08:19Z" finished-at="2017-07-25T16:08:23Z">
          <params>
            <param index="0">
              <value>
                <![CDATA[chrome]]>
              </value>
            </param>
          </params>
          <reporter-output>
          </reporter-output>
        </test-method> <!-- setup -->
        <test-method status="PASS" signature="Browserslider()[pri:2, instance:com.softq.MouseOperations@6a2bcfcb]" name="Browserslider" duration-ms="25946" started-at="2017-07-25T16:08:23Z" finished-at="2017-07-25T16:08:49Z">
          <reporter-output>
          </reporter-output>
        </test-method> <!-- Browserslider -->
        <test-method status="PASS" signature="tearDown()[pri:0, instance:com.softq.MouseOperations@6a2bcfcb]" name="tearDown" is-config="true" duration-ms="1030" started-at="2017-07-25T16:08:49Z" finished-at="2017-07-25T16:08:50Z">
          <reporter-output>
          </reporter-output>
        </test-method> <!-- tearDown -->
        <test-method status="PASS" signature="setup(java.lang.String)[pri:0, instance:com.softq.MouseOperations@6a2bcfcb]" name="setup" is-config="true" duration-ms="4914" started-at="2017-07-25T16:08:50Z" finished-at="2017-07-25T16:08:55Z">
          <params>
            <param index="0">
              <value>
                <![CDATA[chrome]]>
              </value>
            </param>
          </params>
          <reporter-output>
          </reporter-output>
        </test-method> <!-- setup -->
        <test-method status="PASS" signature="slider()[pri:3, instance:com.softq.MouseOperations@6a2bcfcb]" name="slider" duration-ms="9736" started-at="2017-07-25T16:08:55Z" finished-at="2017-07-25T16:09:05Z">
          <reporter-output>
          </reporter-output>
        </test-method> <!-- slider -->
        <test-method status="PASS" signature="tearDown()[pri:0, instance:com.softq.MouseOperations@6a2bcfcb]" name="tearDown" is-config="true" duration-ms="955" started-at="2017-07-25T16:09:05Z" finished-at="2017-07-25T16:09:06Z">
          <reporter-output>
          </reporter-output>
        </test-method> <!-- tearDown -->
      </class> <!-- com.softq.MouseOperations -->
    </test> <!-- chromeBrowserExecutions -->
  </suite> <!-- vmwareSuite -->
</testng-results>
